[35m[Appium][39m Welcome to Appium v1.22.3
[35m[Appium][39m Non-default server args:
[35m[Appium][39m   port: 52364
[35m[Appium][39m   loglevel: info
[35m[Appium][39m   tmpDir: C:\Users\095059\AppData\Local\Temp\\Katalon\Appium\Temp1657186988933
[35m[Appium][39m   chromedriverPort: 52365
[35m[Appium][39m Deprecated server args:
[35m[Appium][39m   [31m--chromedriver-port[39m => --default-capabilities
[35m[Appium][39m Default capabilities, which will be added to each request unless overridden by desired capabilities:
[35m[Appium][39m   chromedriverPort: 52365
[35m[Appium][39m Appium REST http interface listener started on 0.0.0.0:52364
[35m[HTTP][39m [37m-->[39m [37mGET[39m [37m/wd/hub/status[39m
[35m[HTTP][39m [90m{}[39m
[35m[HTTP][39m [37m<-- GET /wd/hub/status [39m[32m200[39m [90m4 ms - 68[39m
[35m[HTTP][39m [90m[39m
[35m[HTTP][39m [37m-->[39m [37mGET[39m [37m/wd/hub/status[39m
[35m[HTTP][39m [90m{}[39m
[35m[HTTP][39m [37m<-- GET /wd/hub/status [39m[32m200[39m [90m1 ms - 68[39m
[35m[HTTP][39m [90m[39m
[35m[HTTP][39m [37m-->[39m [37mPOST[39m [37m/wd/hub/session[39m
[35m[HTTP][39m [90m{"desiredCapabilities":{"app":"C:\\Users\\095059\\Documents\\BTDP-Katalon\\Assignment3\\apk\\ECommerce -SAMPLE-Android.apk","noReset":true,"deviceName":"Genymobile Google (Android 10)","fullReset":false,"platform":"ANDROID","newCommandTimeout":1800,"platformVersion":"10","automationName":"uiautomator2","autoGrantPermissions":true,"platformName":"Android","udid":"192.168.125.101:5555","systemPort":52370},"capabilities":{"firstMatch":[{"appium:app":"C:\\Users\\095059\\Documents\\BTDP-Katalon\\Assignment3\\apk\\ECommerce -SAMPLE-Android.apk","appium:autoGrantPermissions":true,"appium:automationName":"uiautomator2","appium:deviceName":"Genymobile Google (Android 10)","appium:fullReset":false,"appium:newCommandTimeout":1800,"appium:noReset":true,"platform":"ANDROID","platformName":"android","appium:platformVersion":"10","appium:systemPort":52370,"appium:udid":"192.168.125.101:5555"}]}}[39m
[35m[BaseDriver][39m The following capabilities are not standard capabilities and should have an extension prefix:
[35m[BaseDriver][39m   platform
[35m[BaseDriver][39m   chromedriverPort
[35m[Appium][39m Appium v1.22.3 creating new AndroidUiautomator2Driver (v1.70.1) session
[35m[BaseDriver][39m The following capabilities were provided, but are not recognized by Appium:
[35m[BaseDriver][39m   platform
[35m[BaseDriver][39m Session created with session id: 6d726dfb-82bc-4311-bb62-90fb085d346a
[35m[BaseDriver][39m Using local app 'C:\Users\095059\Documents\BTDP-Katalon\Assignment3\apk\ECommerce -SAMPLE-Android.apk'
[35m[ADB][39m Found 1 'build-tools' folders under 'C:\Users\095059\.katalon\tools\android_sdk' (newest first):
[35m[ADB][39m     C:/Users/095059/.katalon/tools/android_sdk/build-tools/29.0.3
[35m[ADB][39m Using 'adb.exe' from 'C:\Users\095059\.katalon\tools\android_sdk\platform-tools\adb.exe'
[35m[AndroidDriver][39m Retrieving device list
[35m[AndroidDriver][39m Using device: 192.168.125.101:5555
[35m[ADB][39m Using 'adb.exe' from 'C:\Users\095059\.katalon\tools\android_sdk\platform-tools\adb.exe'
[35m[ADB][39m Getting device platform version
[35m[UiAutomator2][39m Relaxing hidden api policy
[35m[ADB][39m Package name: 'com.solodroid.solomerce'
[35m[ADB][39m Main activity name: 'com.solodroid.solomerce.activities.ActivitySplash'
[35m[ADB][39m Using 'apksigner.jar' from 'C:\Users\095059\.katalon\tools\android_sdk\build-tools\29.0.3\lib\apksigner.jar'
[35m[ADB][39m 'C:\Users\095059\AppData\Roaming\npm\node_modules\appium\node_modules\appium-uiautomator2-server\apks\appium-uiautomator2-server-v4.27.0.apk' is signed with the default certificate
[35m[ADB][39m 'C:\Users\095059\AppData\Roaming\npm\node_modules\appium\node_modules\appium-uiautomator2-server\apks\appium-uiautomator2-server-debug-androidTest.apk' is signed with the default certificate
[35m[UiAutomator2][39m Server packages are not going to be (re)installed
[35m[ADB][39m Adding packages ["io.appium.settings","io.appium.uiautomator2.server","io.appium.uiautomator2.server.test"] to Doze whitelist
[35m[ADB][39m 'C:\Users\095059\Documents\BTDP-Katalon\Assignment3\apk\ECommerce -SAMPLE-Android.apk' is signed with a non-default certificate
[35m[ADB][39m The application at 'C:\Users\095059\Documents\BTDP-Katalon\Assignment3\apk\ECommerce -SAMPLE-Android.apk' will not be cached, because the device under test has confirmed the support of streamed installs
[35m[ADB][39m The installation of 'ECommerce -SAMPLE-Android.apk' took 1494ms
[35m[UiAutomator2][39m Starting UIAutomator2 server 4.27.0
[35m[UiAutomator2][39m Using UIAutomator2 server from 'C:\Users\095059\AppData\Roaming\npm\node_modules\appium\node_modules\appium-uiautomator2-server\apks\appium-uiautomator2-server-v4.27.0.apk' and test from 'C:\Users\095059\AppData\Roaming\npm\node_modules\appium\node_modules\appium-uiautomator2-server\apks\appium-uiautomator2-server-debug-androidTest.apk'
[35m[UiAutomator2][39m Waiting up to 30000ms for UiAutomator2 to be online...
[35m[WD Proxy][39m socket hang up
[35m[WD Proxy][39m socket hang up
[35m[WD Proxy][39m socket hang up
[35m[WD Proxy][39m Determined the downstream protocol as 'W3C'
[35m[AndroidDriver][39m Screen already unlocked, doing nothing
[35m[UiAutomator2][39m Starting 'com.solodroid.solomerce/com.solodroid.solomerce.activities.ActivitySplash and waiting for 'com.solodroid.solomerce/com.solodroid.solomerce.activities.ActivitySplash'
[35m[Appium][39m New AndroidUiautomator2Driver session created successfully, session 6d726dfb-82bc-4311-bb62-90fb085d346a added to master session list
[35m[HTTP][39m [37m<-- POST /wd/hub/session [39m[32m200[39m [90m9785 ms - 1379[39m
[35m[HTTP][39m [90m[39m
[35m[HTTP][39m [37m-->[39m [37mGET[39m [37m/wd/hub/session/6d726dfb-82bc-4311-bb62-90fb085d346a[39m
[35m[HTTP][39m [90m{}[39m
[35m[HTTP][39m [37m<-- GET /wd/hub/session/6d726dfb-82bc-4311-bb62-90fb085d346a [39m[32m200[39m [90m15 ms - 1333[39m
[35m[HTTP][39m [90m[39m
[35m[HTTP][39m [37m-->[39m [37mGET[39m [37m/wd/hub/session/6d726dfb-82bc-4311-bb62-90fb085d346a[39m
[35m[HTTP][39m [90m{}[39m
[35m[HTTP][39m [37m<-- GET /wd/hub/session/6d726dfb-82bc-4311-bb62-90fb085d346a [39m[32m200[39m [90m12 ms - 1333[39m
[35m[HTTP][39m [90m[39m
[35m[HTTP][39m [37m-->[39m [37mGET[39m [37m/wd/hub/status[39m
[35m[HTTP][39m [90m{}[39m
[35m[HTTP][39m [37m<-- GET /wd/hub/status [39m[32m200[39m [90m2 ms - 68[39m
[35m[HTTP][39m [90m[39m
[35m[HTTP][39m [37m-->[39m [37mPOST[39m [37m/wd/hub/session/6d726dfb-82bc-4311-bb62-90fb085d346a/timeouts[39m
[35m[HTTP][39m [90m{"implicit":60000}[39m
[35m[HTTP][39m [37m<-- POST /wd/hub/session/6d726dfb-82bc-4311-bb62-90fb085d346a/timeouts [39m[32m200[39m [90m3 ms - 14[39m
[35m[HTTP][39m [90m[39m
[35m[HTTP][39m [37m-->[39m [37mGET[39m [37m/wd/hub/session/6d726dfb-82bc-4311-bb62-90fb085d346a/source[39m
[35m[HTTP][39m [90m{}[39m
[35m[W3C (6d726dfb)][39m Driver proxy active, passing request on via HTTP proxy
[35m[WD Proxy][39m Replacing sessionId a2ca8f12-df8b-4c62-a94c-e4a9cbbc722a with 6d726dfb-82bc-4311-bb62-90fb085d346a
[35m[HTTP][39m [37m<-- GET /wd/hub/session/6d726dfb-82bc-4311-bb62-90fb085d346a/source [39m[32m200[39m [90m133 ms - 3679[39m
[35m[HTTP][39m [90m[39m
[35m[HTTP][39m [37m-->[39m [37mGET[39m [37m/wd/hub/session/6d726dfb-82bc-4311-bb62-90fb085d346a/screenshot[39m
[35m[HTTP][39m [90m{}[39m
[35m[HTTP][39m [37m<-- GET /wd/hub/session/6d726dfb-82bc-4311-bb62-90fb085d346a/screenshot [39m[32m200[39m [90m685 ms - 276462[39m
[35m[HTTP][39m [90m[39m
[35m[HTTP][39m [37m-->[39m [37mGET[39m [37m/wd/hub/session/6d726dfb-82bc-4311-bb62-90fb085d346a/source[39m
[35m[HTTP][39m [90m{}[39m
[35m[W3C (6d726dfb)][39m Driver proxy active, passing request on via HTTP proxy
[35m[WD Proxy][39m Replacing sessionId a2ca8f12-df8b-4c62-a94c-e4a9cbbc722a with 6d726dfb-82bc-4311-bb62-90fb085d346a
[35m[HTTP][39m [37m<-- GET /wd/hub/session/6d726dfb-82bc-4311-bb62-90fb085d346a/source [39m[32m200[39m [90m227 ms - 20979[39m
[35m[HTTP][39m [90m[39m
[35m[HTTP][39m [37m-->[39m [37mGET[39m [37m/wd/hub/session/6d726dfb-82bc-4311-bb62-90fb085d346a/screenshot[39m
[35m[HTTP][39m [90m{}[39m
[35m[HTTP][39m [37m<-- GET /wd/hub/session/6d726dfb-82bc-4311-bb62-90fb085d346a/screenshot [39m[32m200[39m [90m703 ms - 1245410[39m
[35m[HTTP][39m [90m[39m
[35m[HTTP][39m [37m-->[39m [37mPOST[39m [37m/wd/hub/session/6d726dfb-82bc-4311-bb62-90fb085d346a/elements[39m
[35m[HTTP][39m [90m{"using":"xpath","value":"//*[@class = 'android.widget.ImageView' and @resource-id = 'com.solodroid.solomerce:id/category_image' and (@text = '' or . = '')]"}[39m
[35m[HTTP][39m [37m<-- POST /wd/hub/session/6d726dfb-82bc-4311-bb62-90fb085d346a/elements [39m[32m200[39m [90m307 ms - 651[39m
[35m[HTTP][39m [90m[39m
[35m[HTTP][39m [37m-->[39m [37mPOST[39m [37m/wd/hub/session/6d726dfb-82bc-4311-bb62-90fb085d346a/elements[39m
[35m[HTTP][39m [90m{"using":"id","value":"com.solodroid.solomerce:id/category_image"}[39m
[35m[HTTP][39m [37m<-- POST /wd/hub/session/6d726dfb-82bc-4311-bb62-90fb085d346a/elements [39m[32m200[39m [90m24 ms - 651[39m
[35m[HTTP][39m [90m[39m
[35m[HTTP][39m [37m-->[39m [37mPOST[39m [37m/wd/hub/session/6d726dfb-82bc-4311-bb62-90fb085d346a/elements[39m
[35m[HTTP][39m [90m{"using":"-android uiautomator","value":"new UiSelector().className(\"android.widget.ImageView\").resourceId(\"com.solodroid.solomerce:id/category_image\")"}[39m
[35m[HTTP][39m [37m<-- POST /wd/hub/session/6d726dfb-82bc-4311-bb62-90fb085d346a/elements [39m[32m200[39m [90m61 ms - 651[39m
[35m[HTTP][39m [90m[39m
[35m[HTTP][39m [37m-->[39m [37mPOST[39m [37m/wd/hub/session/6d726dfb-82bc-4311-bb62-90fb085d346a/elements[39m
[35m[HTTP][39m [90m{"using":"xpath","value":"//*[@class = 'android.widget.TextView' and (@text = 'Samsung Galaxy S10 - Black' or . = 'Samsung Galaxy S10 - Black') and @resource-id = 'com.solodroid.solomerce:id/product_name']"}[39m
[35m[HTTP][39m [37m<-- POST /wd/hub/session/6d726dfb-82bc-4311-bb62-90fb085d346a/elements [39m[32m200[39m [90m87 ms - 139[39m
[35m[HTTP][39m [90m[39m
[35m[HTTP][39m [37m-->[39m [37mPOST[39m [37m/wd/hub/session/6d726dfb-82bc-4311-bb62-90fb085d346a/elements[39m
[35m[HTTP][39m [90m{"using":"xpath","value":"//*[@class = 'android.widget.TextView' and (@text = '899 USD' or . = '899 USD') and @resource-id = 'com.solodroid.solomerce:id/product_price']"}[39m
[35m[HTTP][39m [37m<-- POST /wd/hub/session/6d726dfb-82bc-4311-bb62-90fb085d346a/elements [39m[32m200[39m [90m98 ms - 139[39m
[35m[HTTP][39m [90m[39m
[35m[HTTP][39m [37m-->[39m [37mPOST[39m [37m/wd/hub/session/6d726dfb-82bc-4311-bb62-90fb085d346a/elements[39m
[35m[HTTP][39m [90m{"using":"xpath","value":"//*[@class = 'android.widget.ImageView' and @resource-id = 'com.solodroid.solomerce:id/category_image' and (@text = '' or . = '')]"}[39m
[35m[HTTP][39m [37m<-- POST /wd/hub/session/6d726dfb-82bc-4311-bb62-90fb085d346a/elements [39m[32m200[39m [90m64 ms - 651[39m
[35m[HTTP][39m [90m[39m
[35m[HTTP][39m [37m-->[39m [37mPOST[39m [37m/wd/hub/session/6d726dfb-82bc-4311-bb62-90fb085d346a/elements[39m
[35m[HTTP][39m [90m{"using":"id","value":"com.solodroid.solomerce:id/category_image"}[39m
[35m[HTTP][39m [37m<-- POST /wd/hub/session/6d726dfb-82bc-4311-bb62-90fb085d346a/elements [39m[32m200[39m [90m19 ms - 651[39m
[35m[HTTP][39m [90m[39m
[35m[HTTP][39m [37m-->[39m [37mPOST[39m [37m/wd/hub/session/6d726dfb-82bc-4311-bb62-90fb085d346a/elements[39m
[35m[HTTP][39m [90m{"using":"-android uiautomator","value":"new UiSelector().className(\"android.widget.ImageView\").resourceId(\"com.solodroid.solomerce:id/category_image\")"}[39m
[35m[HTTP][39m [37m<-- POST /wd/hub/session/6d726dfb-82bc-4311-bb62-90fb085d346a/elements [39m[32m200[39m [90m45 ms - 651[39m
[35m[HTTP][39m [90m[39m
[35m[HTTP][39m [37m-->[39m [37mPOST[39m [37m/wd/hub/session/6d726dfb-82bc-4311-bb62-90fb085d346a/elements[39m
[35m[HTTP][39m [90m{"using":"xpath","value":"//*[@class = 'android.widget.ImageView' and @resource-id = 'com.solodroid.solomerce:id/category_image' and (@text = '' or . = '')]"}[39m
[35m[HTTP][39m [37m<-- POST /wd/hub/session/6d726dfb-82bc-4311-bb62-90fb085d346a/elements [39m[32m200[39m [90m79 ms - 651[39m
[35m[HTTP][39m [90m[39m
[35m[HTTP][39m [37m-->[39m [37mPOST[39m [37m/wd/hub/session/6d726dfb-82bc-4311-bb62-90fb085d346a/elements[39m
[35m[HTTP][39m [90m{"using":"id","value":"com.solodroid.solomerce:id/category_image"}[39m
[35m[HTTP][39m [37m<-- POST /wd/hub/session/6d726dfb-82bc-4311-bb62-90fb085d346a/elements [39m[32m200[39m [90m20 ms - 651[39m
[35m[HTTP][39m [90m[39m
[35m[HTTP][39m [37m-->[39m [37mPOST[39m [37m/wd/hub/session/6d726dfb-82bc-4311-bb62-90fb085d346a/elements[39m
[35m[HTTP][39m [90m{"using":"-android uiautomator","value":"new UiSelector().className(\"android.widget.ImageView\").resourceId(\"com.solodroid.solomerce:id/category_image\")"}[39m
[35m[HTTP][39m [37m<-- POST /wd/hub/session/6d726dfb-82bc-4311-bb62-90fb085d346a/elements [39m[32m200[39m [90m34 ms - 651[39m
[35m[HTTP][39m [90m[39m
[35m[HTTP][39m [37m-->[39m [37mPOST[39m [37m/wd/hub/session/6d726dfb-82bc-4311-bb62-90fb085d346a/elements[39m
[35m[HTTP][39m [90m{"using":"xpath","value":"//*[@class = 'android.widget.ImageView' and @resource-id = 'com.solodroid.solomerce:id/category_image' and (@text = '' or . = '')]"}[39m
[35m[HTTP][39m [37m<-- POST /wd/hub/session/6d726dfb-82bc-4311-bb62-90fb085d346a/elements [39m[32m200[39m [90m52 ms - 651[39m
[35m[HTTP][39m [90m[39m
[35m[HTTP][39m [37m-->[39m [37mPOST[39m [37m/wd/hub/session/6d726dfb-82bc-4311-bb62-90fb085d346a/elements[39m
[35m[HTTP][39m [90m{"using":"id","value":"com.solodroid.solomerce:id/category_image"}[39m
[35m[HTTP][39m [37m<-- POST /wd/hub/session/6d726dfb-82bc-4311-bb62-90fb085d346a/elements [39m[32m200[39m [90m21 ms - 651[39m
[35m[HTTP][39m [90m[39m
[35m[HTTP][39m [37m-->[39m [37mPOST[39m [37m/wd/hub/session/6d726dfb-82bc-4311-bb62-90fb085d346a/elements[39m
[35m[HTTP][39m [90m{"using":"-android uiautomator","value":"new UiSelector().className(\"android.widget.ImageView\").resourceId(\"com.solodroid.solomerce:id/category_image\")"}[39m
[35m[HTTP][39m [37m<-- POST /wd/hub/session/6d726dfb-82bc-4311-bb62-90fb085d346a/elements [39m[32m200[39m [90m35 ms - 651[39m
[35m[HTTP][39m [90m[39m
[35m[HTTP][39m [37m-->[39m [37mPOST[39m [37m/wd/hub/session/6d726dfb-82bc-4311-bb62-90fb085d346a/elements[39m
[35m[HTTP][39m [90m{"using":"xpath","value":"//*[@class = 'android.widget.ImageView' and @resource-id = 'com.solodroid.solomerce:id/category_image' and (@text = '' or . = '')]"}[39m
[35m[HTTP][39m [37m<-- POST /wd/hub/session/6d726dfb-82bc-4311-bb62-90fb085d346a/elements [39m[32m200[39m [90m56 ms - 651[39m
[35m[HTTP][39m [90m[39m
[35m[HTTP][39m [37m-->[39m [37mPOST[39m [37m/wd/hub/session/6d726dfb-82bc-4311-bb62-90fb085d346a/elements[39m
[35m[HTTP][39m [90m{"using":"id","value":"com.solodroid.solomerce:id/category_image"}[39m
[35m[HTTP][39m [37m<-- POST /wd/hub/session/6d726dfb-82bc-4311-bb62-90fb085d346a/elements [39m[32m200[39m [90m14 ms - 651[39m
[35m[HTTP][39m [90m[39m
[35m[HTTP][39m [37m-->[39m [37mPOST[39m [37m/wd/hub/session/6d726dfb-82bc-4311-bb62-90fb085d346a/elements[39m
[35m[HTTP][39m [90m{"using":"-android uiautomator","value":"new UiSelector().className(\"android.widget.ImageView\").resourceId(\"com.solodroid.solomerce:id/category_image\")"}[39m
[35m[HTTP][39m [37m<-- POST /wd/hub/session/6d726dfb-82bc-4311-bb62-90fb085d346a/elements [39m[32m200[39m [90m46 ms - 651[39m
[35m[HTTP][39m [90m[39m
[35m[HTTP][39m [37m-->[39m [37mPOST[39m [37m/wd/hub/session/6d726dfb-82bc-4311-bb62-90fb085d346a/elements[39m
[35m[HTTP][39m [90m{"using":"xpath","value":"//*[@class = 'android.widget.TextView' and (@text = 'U17 USB Portable M3 HUmidifier Air Purifier LED Night Light 200ML' or . = 'U17 USB Portable M3 HUmidifier Air Purifier LED Night Light 200ML') and @resource-id = 'com.solodroid.solomerce:id/product_name']"}[39m
[35m[HTTP][39m [37m<-- POST /wd/hub/session/6d726dfb-82bc-4311-bb62-90fb085d346a/elements [39m[32m200[39m [90m40 ms - 139[39m
[35m[HTTP][39m [90m[39m
[35m[HTTP][39m [37m-->[39m [37mPOST[39m [37m/wd/hub/session/6d726dfb-82bc-4311-bb62-90fb085d346a/elements[39m
[35m[HTTP][39m [90m{"using":"xpath","value":"//*[@class = 'android.widget.TextView' and (@text = 'Apple watch series 3 GPS 42mm Black' or . = 'Apple watch series 3 GPS 42mm Black') and @resource-id = 'com.solodroid.solomerce:id/product_name']"}[39m
[35m[HTTP][39m [37m<-- POST /wd/hub/session/6d726dfb-82bc-4311-bb62-90fb085d346a/elements [39m[32m200[39m [90m60029 ms - 12[39m
[35m[HTTP][39m [90m[39m
[35m[HTTP][39m [37m-->[39m [37mPOST[39m [37m/wd/hub/session/6d726dfb-82bc-4311-bb62-90fb085d346a/elements[39m
[35m[HTTP][39m [90m{"using":"id","value":"com.solodroid.solomerce:id/product_name"}[39m
[35m[HTTP][39m [37m<-- POST /wd/hub/session/6d726dfb-82bc-4311-bb62-90fb085d346a/elements [39m[32m200[39m [90m15 ms - 267[39m
[35m[HTTP][39m [90m[39m
[35m[HTTP][39m [37m-->[39m [37mPOST[39m [37m/wd/hub/session/6d726dfb-82bc-4311-bb62-90fb085d346a/elements[39m
[35m[HTTP][39m [90m{"using":"-android uiautomator","value":"new UiSelector().className(\"android.widget.TextView\").text(\"Apple watch series 3 GPS 42mm Black\").resourceId(\"com.solodroid.solomerce:id/product_name\")"}[39m
[35m[HTTP][39m [37m<-- POST /wd/hub/session/6d726dfb-82bc-4311-bb62-90fb085d346a/elements [39m[32m200[39m [90m34875 ms - 139[39m
[35m[HTTP][39m [90m[39m
[35m[HTTP][39m [37m-->[39m [37mPOST[39m [37m/wd/hub/session/6d726dfb-82bc-4311-bb62-90fb085d346a/elements[39m
[35m[HTTP][39m [90m{"using":"xpath","value":"//*[@class = 'android.widget.TextView' and (@text = 'Mini Digital Speaker TD-V26 USB FM Radio SD TF Card MP3 - Red' or . = 'Mini Digital Speaker TD-V26 USB FM Radio SD TF Card MP3 - Red') and @resource-id = 'com.solodroid.solomerce:id/product_name']"}[39m
[35m[HTTP][39m [37m<-- POST /wd/hub/session/6d726dfb-82bc-4311-bb62-90fb085d346a/elements [39m[32m200[39m [90m30 ms - 139[39m
[35m[HTTP][39m [90m[39m
[35m[HTTP][39m [37m-->[39m [37mPOST[39m [37m/wd/hub/session/6d726dfb-82bc-4311-bb62-90fb085d346a/elements[39m
[35m[HTTP][39m [90m{"using":"xpath","value":"//*[@class = 'android.widget.TextView' and (@text = '20 USD' or . = '20 USD') and @resource-id = 'com.solodroid.solomerce:id/product_price']"}[39m
[35m[HTTP][39m [37m<-- POST /wd/hub/session/6d726dfb-82bc-4311-bb62-90fb085d346a/elements [39m[32m200[39m [90m21 ms - 139[39m
[35m[HTTP][39m [90m[39m
[35m[HTTP][39m [37m-->[39m [37mPOST[39m [37m/wd/hub/session/6d726dfb-82bc-4311-bb62-90fb085d346a/elements[39m
[35m[HTTP][39m [90m{"using":"xpath","value":"//*[@class = 'android.widget.TextView' and (@text = '400 USD' or . = '400 USD') and @resource-id = 'com.solodroid.solomerce:id/product_price']"}[39m
[35m[HTTP][39m [37m<-- POST /wd/hub/session/6d726dfb-82bc-4311-bb62-90fb085d346a/elements [39m[32m200[39m [90m25 ms - 139[39m
[35m[HTTP][39m [90m[39m
[35m[HTTP][39m [37m-->[39m [37mPOST[39m [37m/wd/hub/session/6d726dfb-82bc-4311-bb62-90fb085d346a/elements[39m
[35m[HTTP][39m [90m{"using":"xpath","value":"//*[@class = 'android.widget.TextView' and (@text = '19 USD' or . = '19 USD') and @resource-id = 'com.solodroid.solomerce:id/product_price']"}[39m
[35m[HTTP][39m [37m<-- POST /wd/hub/session/6d726dfb-82bc-4311-bb62-90fb085d346a/elements [39m[32m200[39m [90m39 ms - 139[39m
[35m[HTTP][39m [90m[39m
[35m[HTTP][39m [37m-->[39m [37mGET[39m [37m/wd/hub/session/6d726dfb-82bc-4311-bb62-90fb085d346a/source[39m
[35m[HTTP][39m [90m{}[39m
[35m[W3C (6d726dfb)][39m Driver proxy active, passing request on via HTTP proxy
[35m[WD Proxy][39m Replacing sessionId a2ca8f12-df8b-4c62-a94c-e4a9cbbc722a with 6d726dfb-82bc-4311-bb62-90fb085d346a
[35m[HTTP][39m [37m<-- GET /wd/hub/session/6d726dfb-82bc-4311-bb62-90fb085d346a/source [39m[32m200[39m [90m79 ms - 20478[39m
[35m[HTTP][39m [90m[39m
[35m[HTTP][39m [37m-->[39m [37mGET[39m [37m/wd/hub/session/6d726dfb-82bc-4311-bb62-90fb085d346a/screenshot[39m
[35m[HTTP][39m [90m{}[39m
[35m[HTTP][39m [37m<-- GET /wd/hub/session/6d726dfb-82bc-4311-bb62-90fb085d346a/screenshot [39m[32m200[39m [90m657 ms - 992440[39m
[35m[HTTP][39m [90m[39m
[35m[HTTP][39m [37m-->[39m [37mPOST[39m [37m/wd/hub/session/6d726dfb-82bc-4311-bb62-90fb085d346a/elements[39m
[35m[HTTP][39m [90m{"using":"xpath","value":"//*[@class = 'android.widget.TextView' and (@text = 'LED TV 43 Inch Smart TV TCL 43E3 UHD 4K Dolby Sound' or . = 'LED TV 43 Inch Smart TV TCL 43E3 UHD 4K Dolby Sound') and @resource-id = 'com.solodroid.solomerce:id/product_name']"}[39m
[35m[HTTP][39m [37m<-- POST /wd/hub/session/6d726dfb-82bc-4311-bb62-90fb085d346a/elements [39m[32m200[39m [90m35 ms - 139[39m
[35m[HTTP][39m [90m[39m
[35m[HTTP][39m [37m-->[39m [37mPOST[39m [37m/wd/hub/session/6d726dfb-82bc-4311-bb62-90fb085d346a/elements[39m
[35m[HTTP][39m [90m{"using":"xpath","value":"//*[@class = 'android.widget.TextView' and (@text = '375 USD' or . = '375 USD') and @resource-id = 'com.solodroid.solomerce:id/product_price']"}[39m
[35m[HTTP][39m [37m<-- POST /wd/hub/session/6d726dfb-82bc-4311-bb62-90fb085d346a/elements [39m[32m200[39m [90m27 ms - 139[39m
[35m[HTTP][39m [90m[39m
[35m[HTTP][39m [37m-->[39m [37mGET[39m [37m/wd/hub/session/6d726dfb-82bc-4311-bb62-90fb085d346a/source[39m
[35m[HTTP][39m [90m{}[39m
[35m[W3C (6d726dfb)][39m Driver proxy active, passing request on via HTTP proxy
[35m[WD Proxy][39m Replacing sessionId a2ca8f12-df8b-4c62-a94c-e4a9cbbc722a with 6d726dfb-82bc-4311-bb62-90fb085d346a
[35m[HTTP][39m [37m<-- GET /wd/hub/session/6d726dfb-82bc-4311-bb62-90fb085d346a/source [39m[32m200[39m [90m51 ms - 20979[39m
[35m[HTTP][39m [90m[39m
[35m[HTTP][39m [37m-->[39m [37mGET[39m [37m/wd/hub/session/6d726dfb-82bc-4311-bb62-90fb085d346a/screenshot[39m
[35m[HTTP][39m [90m{}[39m
[35m[HTTP][39m [37m<-- GET /wd/hub/session/6d726dfb-82bc-4311-bb62-90fb085d346a/screenshot [39m[32m200[39m [90m744 ms - 1244930[39m
[35m[HTTP][39m [90m[39m
[35m[HTTP][39m [37m-->[39m [37mPOST[39m [37m/wd/hub/session/6d726dfb-82bc-4311-bb62-90fb085d346a/elements[39m
[35m[HTTP][39m [90m{"using":"xpath","value":"//*[@class = 'android.widget.TextView' and (@text = 'Electronics & Gadgets' or . = 'Electronics & Gadgets')]"}[39m
[35m[HTTP][39m [37m<-- POST /wd/hub/session/6d726dfb-82bc-4311-bb62-90fb085d346a/elements [39m[32m200[39m [90m26 ms - 139[39m
[35m[HTTP][39m [90m[39m
[35m[HTTP][39m [37m-->[39m [37mPOST[39m [37m/wd/hub/session/6d726dfb-82bc-4311-bb62-90fb085d346a/elements[39m
[35m[HTTP][39m [90m{"using":"xpath","value":"//*[@class = 'android.widget.ImageButton' and (@text = '' or . = '')]"}[39m
[35m[HTTP][39m [37m<-- POST /wd/hub/session/6d726dfb-82bc-4311-bb62-90fb085d346a/elements [39m[32m200[39m [90m34 ms - 139[39m
[35m[HTTP][39m [90m[39m
[35m[HTTP][39m [37m-->[39m [37mGET[39m [37m/wd/hub/session/6d726dfb-82bc-4311-bb62-90fb085d346a/source[39m
[35m[HTTP][39m [90m{}[39m
[35m[W3C (6d726dfb)][39m Driver proxy active, passing request on via HTTP proxy
[35m[WD Proxy][39m Replacing sessionId a2ca8f12-df8b-4c62-a94c-e4a9cbbc722a with 6d726dfb-82bc-4311-bb62-90fb085d346a
[35m[HTTP][39m [37m<-- GET /wd/hub/session/6d726dfb-82bc-4311-bb62-90fb085d346a/source [39m[32m200[39m [90m50 ms - 20925[39m
[35m[HTTP][39m [90m[39m
[35m[HTTP][39m [37m-->[39m [37mGET[39m [37m/wd/hub/session/6d726dfb-82bc-4311-bb62-90fb085d346a/screenshot[39m
[35m[HTTP][39m [90m{}[39m
[35m[HTTP][39m [37m<-- GET /wd/hub/session/6d726dfb-82bc-4311-bb62-90fb085d346a/screenshot [39m[32m200[39m [90m794 ms - 1497892[39m
[35m[HTTP][39m [90m[39m
[35m[HTTP][39m [37m-->[39m [37mPOST[39m [37m/wd/hub/session/6d726dfb-82bc-4311-bb62-90fb085d346a/elements[39m
[35m[HTTP][39m [90m{"using":"xpath","value":"//*[@class = 'android.widget.ImageView' and @resource-id = 'com.solodroid.solomerce:id/category_image' and (@text = '' or . = '')]"}[39m
[35m[HTTP][39m [37m<-- POST /wd/hub/session/6d726dfb-82bc-4311-bb62-90fb085d346a/elements [39m[32m200[39m [90m30 ms - 523[39m
[35m[HTTP][39m [90m[39m
[35m[HTTP][39m [37m-->[39m [37mPOST[39m [37m/wd/hub/session/6d726dfb-82bc-4311-bb62-90fb085d346a/elements[39m
[35m[HTTP][39m [90m{"using":"id","value":"com.solodroid.solomerce:id/category_image"}[39m
[35m[HTTP][39m [37m<-- POST /wd/hub/session/6d726dfb-82bc-4311-bb62-90fb085d346a/elements [39m[32m200[39m [90m11 ms - 523[39m
[35m[HTTP][39m [90m[39m
[35m[HTTP][39m [37m-->[39m [37mPOST[39m [37m/wd/hub/session/6d726dfb-82bc-4311-bb62-90fb085d346a/elements[39m
[35m[HTTP][39m [90m{"using":"-android uiautomator","value":"new UiSelector().className(\"android.widget.ImageView\").resourceId(\"com.solodroid.solomerce:id/category_image\")"}[39m
[35m[HTTP][39m [37m<-- POST /wd/hub/session/6d726dfb-82bc-4311-bb62-90fb085d346a/elements [39m[32m200[39m [90m23 ms - 523[39m
[35m[HTTP][39m [90m[39m
[35m[HTTP][39m [37m-->[39m [37mPOST[39m [37m/wd/hub/session/6d726dfb-82bc-4311-bb62-90fb085d346a/elements[39m
[35m[HTTP][39m [90m{"using":"xpath","value":"//*[@class = 'android.widget.ImageButton' and (@text = '' or . = '')]"}[39m
[35m[HTTP][39m [37m<-- POST /wd/hub/session/6d726dfb-82bc-4311-bb62-90fb085d346a/elements [39m[32m200[39m [90m18 ms - 139[39m
[35m[HTTP][39m [90m[39m
[35m[HTTP][39m [37m-->[39m [37mPOST[39m [37m/wd/hub/session/6d726dfb-82bc-4311-bb62-90fb085d346a/elements[39m
[35m[HTTP][39m [90m{"using":"xpath","value":"//*[@class = 'android.widget.TextView' and (@text = 'Fashions' or . = 'Fashions')]"}[39m
[35m[HTTP][39m [37m<-- POST /wd/hub/session/6d726dfb-82bc-4311-bb62-90fb085d346a/elements [39m[32m200[39m [90m18 ms - 139[39m
[35m[HTTP][39m [90m[39m
[35m[HTTP][39m [37m-->[39m [37mPOST[39m [37m/wd/hub/session/6d726dfb-82bc-4311-bb62-90fb085d346a/elements[39m
[35m[HTTP][39m [90m{"using":"xpath","value":"//*[@class = 'android.widget.ImageView' and @resource-id = 'com.solodroid.solomerce:id/category_image' and (@text = '' or . = '')]"}[39m
[35m[HTTP][39m [37m<-- POST /wd/hub/session/6d726dfb-82bc-4311-bb62-90fb085d346a/elements [39m[32m200[39m [90m24 ms - 523[39m
[35m[HTTP][39m [90m[39m
[35m[HTTP][39m [37m-->[39m [37mPOST[39m [37m/wd/hub/session/6d726dfb-82bc-4311-bb62-90fb085d346a/elements[39m
[35m[HTTP][39m [90m{"using":"id","value":"com.solodroid.solomerce:id/category_image"}[39m
[35m[HTTP][39m [37m<-- POST /wd/hub/session/6d726dfb-82bc-4311-bb62-90fb085d346a/elements [39m[32m200[39m [90m11 ms - 523[39m
[35m[HTTP][39m [90m[39m
[35m[HTTP][39m [37m-->[39m [37mPOST[39m [37m/wd/hub/session/6d726dfb-82bc-4311-bb62-90fb085d346a/elements[39m
[35m[HTTP][39m [90m{"using":"-android uiautomator","value":"new UiSelector().className(\"android.widget.ImageView\").resourceId(\"com.solodroid.solomerce:id/category_image\")"}[39m
[35m[HTTP][39m [37m<-- POST /wd/hub/session/6d726dfb-82bc-4311-bb62-90fb085d346a/elements [39m[32m200[39m [90m24 ms - 523[39m
[35m[HTTP][39m [90m[39m
[35m[HTTP][39m [37m-->[39m [37mPOST[39m [37m/wd/hub/session/6d726dfb-82bc-4311-bb62-90fb085d346a/elements[39m
[35m[HTTP][39m [90m{"using":"xpath","value":"//*[@class = 'android.widget.ImageView' and @resource-id = 'com.solodroid.solomerce:id/category_image' and (@text = '' or . = '')]"}[39m
[35m[HTTP][39m [37m<-- POST /wd/hub/session/6d726dfb-82bc-4311-bb62-90fb085d346a/elements [39m[32m200[39m [90m35 ms - 523[39m
[35m[HTTP][39m [90m[39m
[35m[HTTP][39m [37m-->[39m [37mPOST[39m [37m/wd/hub/session/6d726dfb-82bc-4311-bb62-90fb085d346a/elements[39m
[35m[HTTP][39m [90m{"using":"id","value":"com.solodroid.solomerce:id/category_image"}[39m
[35m[HTTP][39m [37m<-- POST /wd/hub/session/6d726dfb-82bc-4311-bb62-90fb085d346a/elements [39m[32m200[39m [90m10 ms - 523[39m
[35m[HTTP][39m [90m[39m
[35m[HTTP][39m [37m-->[39m [37mPOST[39m [37m/wd/hub/session/6d726dfb-82bc-4311-bb62-90fb085d346a/elements[39m
[35m[HTTP][39m [90m{"using":"-android uiautomator","value":"new UiSelector().className(\"android.widget.ImageView\").resourceId(\"com.solodroid.solomerce:id/category_image\")"}[39m
[35m[HTTP][39m [37m<-- POST /wd/hub/session/6d726dfb-82bc-4311-bb62-90fb085d346a/elements [39m[32m200[39m [90m27 ms - 523[39m
[35m[HTTP][39m [90m[39m
[35m[HTTP][39m [37m-->[39m [37mPOST[39m [37m/wd/hub/session/6d726dfb-82bc-4311-bb62-90fb085d346a/elements[39m
[35m[HTTP][39m [90m{"using":"xpath","value":"//*[@class = 'android.widget.ImageView' and @resource-id = 'com.solodroid.solomerce:id/category_image' and (@text = '' or . = '')]"}[39m
[35m[HTTP][39m [37m<-- POST /wd/hub/session/6d726dfb-82bc-4311-bb62-90fb085d346a/elements [39m[32m200[39m [90m20 ms - 523[39m
[35m[HTTP][39m [90m[39m
[35m[HTTP][39m [37m-->[39m [37mPOST[39m [37m/wd/hub/session/6d726dfb-82bc-4311-bb62-90fb085d346a/elements[39m
[35m[HTTP][39m [90m{"using":"id","value":"com.solodroid.solomerce:id/category_image"}[39m
[35m[HTTP][39m [37m<-- POST /wd/hub/session/6d726dfb-82bc-4311-bb62-90fb085d346a/elements [39m[32m200[39m [90m11 ms - 523[39m
[35m[HTTP][39m [90m[39m
[35m[HTTP][39m [37m-->[39m [37mPOST[39m [37m/wd/hub/session/6d726dfb-82bc-4311-bb62-90fb085d346a/elements[39m
[35m[HTTP][39m [90m{"using":"-android uiautomator","value":"new UiSelector().className(\"android.widget.ImageView\").resourceId(\"com.solodroid.solomerce:id/category_image\")"}[39m
[35m[HTTP][39m [37m<-- POST /wd/hub/session/6d726dfb-82bc-4311-bb62-90fb085d346a/elements [39m[32m200[39m [90m23 ms - 523[39m
[35m[HTTP][39m [90m[39m
[35m[HTTP][39m [37m-->[39m [37mPOST[39m [37m/wd/hub/session/6d726dfb-82bc-4311-bb62-90fb085d346a/elements[39m
[35m[HTTP][39m [90m{"using":"xpath","value":"//*[@class = 'android.widget.ImageView' and @resource-id = 'com.solodroid.solomerce:id/category_image' and (@text = '' or . = '')]"}[39m
[35m[HTTP][39m [37m<-- POST /wd/hub/session/6d726dfb-82bc-4311-bb62-90fb085d346a/elements [39m[32m200[39m [90m35 ms - 523[39m
[35m[HTTP][39m [90m[39m
[35m[HTTP][39m [37m-->[39m [37mPOST[39m [37m/wd/hub/session/6d726dfb-82bc-4311-bb62-90fb085d346a/elements[39m
[35m[HTTP][39m [90m{"using":"id","value":"com.solodroid.solomerce:id/category_image"}[39m
[35m[HTTP][39m [37m<-- POST /wd/hub/session/6d726dfb-82bc-4311-bb62-90fb085d346a/elements [39m[32m200[39m [90m11 ms - 523[39m
[35m[HTTP][39m [90m[39m
[35m[HTTP][39m [37m-->[39m [37mPOST[39m [37m/wd/hub/session/6d726dfb-82bc-4311-bb62-90fb085d346a/elements[39m
[35m[HTTP][39m [90m{"using":"-android uiautomator","value":"new UiSelector().className(\"android.widget.ImageView\").resourceId(\"com.solodroid.solomerce:id/category_image\")"}[39m
[35m[HTTP][39m [37m<-- POST /wd/hub/session/6d726dfb-82bc-4311-bb62-90fb085d346a/elements [39m[32m200[39m [90m28 ms - 523[39m
[35m[HTTP][39m [90m[39m
[35m[HTTP][39m [37m-->[39m [37mPOST[39m [37m/wd/hub/session/6d726dfb-82bc-4311-bb62-90fb085d346a/elements[39m
[35m[HTTP][39m [90m{"using":"xpath","value":"//*[@class = 'android.widget.ImageView' and @resource-id = 'com.solodroid.solomerce:id/category_image' and (@text = '' or . = '')]"}[39m
[35m[HTTP][39m [37m<-- POST /wd/hub/session/6d726dfb-82bc-4311-bb62-90fb085d346a/elements [39m[32m200[39m [90m27 ms - 523[39m
[35m[HTTP][39m [90m[39m
[35m[HTTP][39m [37m-->[39m [37mPOST[39m [37m/wd/hub/session/6d726dfb-82bc-4311-bb62-90fb085d346a/elements[39m
[35m[HTTP][39m [90m{"using":"id","value":"com.solodroid.solomerce:id/category_image"}[39m
[35m[HTTP][39m [37m<-- POST /wd/hub/session/6d726dfb-82bc-4311-bb62-90fb085d346a/elements [39m[32m200[39m [90m13 ms - 523[39m
[35m[HTTP][39m [90m[39m
[35m[HTTP][39m [37m-->[39m [37mPOST[39m [37m/wd/hub/session/6d726dfb-82bc-4311-bb62-90fb085d346a/elements[39m
[35m[HTTP][39m [90m{"using":"-android uiautomator","value":"new UiSelector().className(\"android.widget.ImageView\").resourceId(\"com.solodroid.solomerce:id/category_image\")"}[39m
[35m[HTTP][39m [37m<-- POST /wd/hub/session/6d726dfb-82bc-4311-bb62-90fb085d346a/elements [39m[32m200[39m [90m26 ms - 523[39m
[35m[HTTP][39m [90m[39m
[35m[HTTP][39m [37m-->[39m [37mPOST[39m [37m/wd/hub/session/6d726dfb-82bc-4311-bb62-90fb085d346a/elements[39m
[35m[HTTP][39m [90m{"using":"xpath","value":"//*[@class = 'android.widget.TextView' and (@text = 'Dolce and Gabbana Heels' or . = 'Dolce and Gabbana Heels') and @resource-id = 'com.solodroid.solomerce:id/product_name']"}[39m
[35m[HTTP][39m [37m<-- POST /wd/hub/session/6d726dfb-82bc-4311-bb62-90fb085d346a/elements [39m[32m200[39m [90m22 ms - 139[39m
[35m[HTTP][39m [90m[39m
[35m[HTTP][39m [37m-->[39m [37mPOST[39m [37m/wd/hub/session/6d726dfb-82bc-4311-bb62-90fb085d346a/elements[39m
[35m[HTTP][39m [90m{"using":"xpath","value":"//*[@class = 'android.widget.TextView' and (@text = concat(\"Gold Titanium Diamond Women\" , \"'\" , \"s Bracelet\") or . = concat(\"Gold Titanium Diamond Women\" , \"'\" , \"s Bracelet\")) and @resource-id = 'com.solodroid.solomerce:id/product_name']"}[39m
[35m[HTTP][39m [37m<-- POST /wd/hub/session/6d726dfb-82bc-4311-bb62-90fb085d346a/elements [39m[32m200[39m [90m23 ms - 139[39m
[35m[HTTP][39m [90m[39m
[35m[HTTP][39m [37m-->[39m [37mPOST[39m [37m/wd/hub/session/6d726dfb-82bc-4311-bb62-90fb085d346a/elements[39m
[35m[HTTP][39m [90m{"using":"xpath","value":"//*[@class = 'android.widget.TextView' and (@text = concat(\"Short Sleeve Men\" , \"'\" , \"s Batik Shirt OB 445\") or . = concat(\"Short Sleeve Men\" , \"'\" , \"s Batik Shirt OB 445\")) and @resource-id = 'com.solodroid.solomerce:id/product_name']"}[39m
[35m[HTTP][39m [37m<-- POST /wd/hub/session/6d726dfb-82bc-4311-bb62-90fb085d346a/elements [39m[32m200[39m [90m7781 ms - 139[39m
[35m[HTTP][39m [90m[39m
[35m[HTTP][39m [37m-->[39m [37mPOST[39m [37m/wd/hub/session/6d726dfb-82bc-4311-bb62-90fb085d346a/elements[39m
[35m[HTTP][39m [90m{"using":"xpath","value":"//*[@class = 'android.widget.TextView' and (@text = 'SKMEI Children Sport Rubber LED Watch DG1100 - Black' or . = 'SKMEI Children Sport Rubber LED Watch DG1100 - Black') and @resource-id = 'com.solodroid.solomerce:id/product_name']"}[39m
[35m[HTTP][39m [37m<-- POST /wd/hub/session/6d726dfb-82bc-4311-bb62-90fb085d346a/elements [39m[32m200[39m [90m4906 ms - 139[39m
[35m[HTTP][39m [90m[39m
[35m[HTTP][39m [37m-->[39m [37mPOST[39m [37m/wd/hub/session/6d726dfb-82bc-4311-bb62-90fb085d346a/elements[39m
[35m[HTTP][39m [90m{"using":"xpath","value":"//*[@class = 'android.widget.TextView' and (@text = '100 USD' or . = '100 USD') and @resource-id = 'com.solodroid.solomerce:id/product_price']"}[39m
[35m[HTTP][39m [37m<-- POST /wd/hub/session/6d726dfb-82bc-4311-bb62-90fb085d346a/elements [39m[32m200[39m [90m22 ms - 139[39m
[35m[HTTP][39m [90m[39m
[35m[HTTP][39m [37m-->[39m [37mPOST[39m [37m/wd/hub/session/6d726dfb-82bc-4311-bb62-90fb085d346a/elements[39m
[35m[HTTP][39m [90m{"using":"xpath","value":"//*[@class = 'android.widget.TextView' and (@text = '199 USD' or . = '199 USD') and @resource-id = 'com.solodroid.solomerce:id/product_price']"}[39m
[35m[HTTP][39m [37m<-- POST /wd/hub/session/6d726dfb-82bc-4311-bb62-90fb085d346a/elements [39m[32m200[39m [90m24 ms - 139[39m
[35m[HTTP][39m [90m[39m
[35m[HTTP][39m [37m-->[39m [37mPOST[39m [37m/wd/hub/session/6d726dfb-82bc-4311-bb62-90fb085d346a/elements[39m
[35m[HTTP][39m [90m{"using":"xpath","value":"//*[@class = 'android.widget.TextView' and (@text = '25 USD' or . = '25 USD') and @resource-id = 'com.solodroid.solomerce:id/product_price']"}[39m
[35m[HTTP][39m [37m<-- POST /wd/hub/session/6d726dfb-82bc-4311-bb62-90fb085d346a/elements [39m[32m200[39m [90m8597 ms - 139[39m
[35m[HTTP][39m [90m[39m
[35m[HTTP][39m [37m-->[39m [37mPOST[39m [37m/wd/hub/session/6d726dfb-82bc-4311-bb62-90fb085d346a/elements[39m
[35m[HTTP][39m [90m{"using":"xpath","value":"//*[@class = 'android.widget.TextView' and (@text = '75 USD' or . = '75 USD') and @resource-id = 'com.solodroid.solomerce:id/product_price']"}[39m
[35m[HTTP][39m [37m<-- POST /wd/hub/session/6d726dfb-82bc-4311-bb62-90fb085d346a/elements [39m[32m200[39m [90m23 ms - 139[39m
[35m[HTTP][39m [90m[39m
[35m[HTTP][39m [37m-->[39m [37mGET[39m [37m/wd/hub/session/6d726dfb-82bc-4311-bb62-90fb085d346a/source[39m
[35m[HTTP][39m [90m{}[39m
[35m[W3C (6d726dfb)][39m Driver proxy active, passing request on via HTTP proxy
[35m[WD Proxy][39m Replacing sessionId a2ca8f12-df8b-4c62-a94c-e4a9cbbc722a with 6d726dfb-82bc-4311-bb62-90fb085d346a
[35m[HTTP][39m [37m<-- GET /wd/hub/session/6d726dfb-82bc-4311-bb62-90fb085d346a/source [39m[32m200[39m [90m128 ms - 20397[39m
[35m[HTTP][39m [90m[39m
[35m[HTTP][39m [37m-->[39m [37mGET[39m [37m/wd/hub/session/6d726dfb-82bc-4311-bb62-90fb085d346a/screenshot[39m
[35m[HTTP][39m [90m{}[39m
[35m[HTTP][39m [37m<-- GET /wd/hub/session/6d726dfb-82bc-4311-bb62-90fb085d346a/screenshot [39m[32m200[39m [90m798 ms - 1008368[39m
[35m[HTTP][39m [90m[39m
[35m[HTTP][39m [37m-->[39m [37mPOST[39m [37m/wd/hub/session/6d726dfb-82bc-4311-bb62-90fb085d346a/elements[39m
[35m[HTTP][39m [90m{"using":"xpath","value":"//*[@class = 'android.widget.TextView' and (@text = 'Mini Panda Backpack - Pink' or . = 'Mini Panda Backpack - Pink') and @resource-id = 'com.solodroid.solomerce:id/product_name']"}[39m
[35m[HTTP][39m [37m<-- POST /wd/hub/session/6d726dfb-82bc-4311-bb62-90fb085d346a/elements [39m[32m200[39m [90m26 ms - 139[39m
[35m[HTTP][39m [90m[39m
[35m[HTTP][39m [37m-->[39m [37mPOST[39m [37m/wd/hub/session/6d726dfb-82bc-4311-bb62-90fb085d346a/elements[39m
[35m[HTTP][39m [90m{"using":"xpath","value":"//*[@class = 'android.widget.TextView' and (@text = '29 USD' or . = '29 USD') and @resource-id = 'com.solodroid.solomerce:id/product_price']"}[39m
[35m[HTTP][39m [37m<-- POST /wd/hub/session/6d726dfb-82bc-4311-bb62-90fb085d346a/elements [39m[32m200[39m [90m19 ms - 139[39m
[35m[HTTP][39m [90m[39m
[35m[HTTP][39m [37m-->[39m [37mGET[39m [37m/wd/hub/session/6d726dfb-82bc-4311-bb62-90fb085d346a/source[39m
[35m[HTTP][39m [90m{}[39m
[35m[W3C (6d726dfb)][39m Driver proxy active, passing request on via HTTP proxy
[35m[WD Proxy][39m Replacing sessionId a2ca8f12-df8b-4c62-a94c-e4a9cbbc722a with 6d726dfb-82bc-4311-bb62-90fb085d346a
[35m[HTTP][39m [37m<-- GET /wd/hub/session/6d726dfb-82bc-4311-bb62-90fb085d346a/source [39m[32m200[39m [90m79 ms - 20914[39m
[35m[HTTP][39m [90m[39m
[35m[HTTP][39m [37m-->[39m [37mGET[39m [37m/wd/hub/session/6d726dfb-82bc-4311-bb62-90fb085d346a/screenshot[39m
[35m[HTTP][39m [90m{}[39m
[35m[HTTP][39m [37m<-- GET /wd/hub/session/6d726dfb-82bc-4311-bb62-90fb085d346a/screenshot [39m[32m200[39m [90m771 ms - 956786[39m
[35m[HTTP][39m [90m[39m
[35m[HTTP][39m [37m-->[39m [37mPOST[39m [37m/wd/hub/session/6d726dfb-82bc-4311-bb62-90fb085d346a/elements[39m
[35m[HTTP][39m [90m{"using":"xpath","value":"//*[@class = 'android.widget.ImageButton' and (@text = '' or . = '')]"}[39m
[35m[HTTP][39m [37m<-- POST /wd/hub/session/6d726dfb-82bc-4311-bb62-90fb085d346a/elements [39m[32m200[39m [90m22 ms - 139[39m
[35m[HTTP][39m [90m[39m
[35m[HTTP][39m [37m-->[39m [37mPOST[39m [37m/wd/hub/session/6d726dfb-82bc-4311-bb62-90fb085d346a/elements[39m
[35m[HTTP][39m [90m{"using":"xpath","value":"//*[@class = 'android.widget.TextView' and (@text = 'Baby Gear' or . = 'Baby Gear')]"}[39m
[35m[HTTP][39m [37m<-- POST /wd/hub/session/6d726dfb-82bc-4311-bb62-90fb085d346a/elements [39m[32m200[39m [90m27 ms - 139[39m
[35m[HTTP][39m [90m[39m
[35m[HTTP][39m [37m-->[39m [37mPOST[39m [37m/wd/hub/session/6d726dfb-82bc-4311-bb62-90fb085d346a/elements[39m
[35m[HTTP][39m [90m{"using":"xpath","value":"//*[@class = 'android.widget.ImageView' and @resource-id = 'com.solodroid.solomerce:id/category_image' and (@text = '' or . = '')]"}[39m
[35m[HTTP][39m [37m<-- POST /wd/hub/session/6d726dfb-82bc-4311-bb62-90fb085d346a/elements [39m[32m200[39m [90m30 ms - 651[39m
[35m[HTTP][39m [90m[39m
[35m[HTTP][39m [37m-->[39m [37mPOST[39m [37m/wd/hub/session/6d726dfb-82bc-4311-bb62-90fb085d346a/elements[39m
[35m[HTTP][39m [90m{"using":"id","value":"com.solodroid.solomerce:id/category_image"}[39m
[35m[HTTP][39m [37m<-- POST /wd/hub/session/6d726dfb-82bc-4311-bb62-90fb085d346a/elements [39m[32m200[39m [90m12 ms - 651[39m
[35m[HTTP][39m [90m[39m
[35m[HTTP][39m [37m-->[39m [37mPOST[39m [37m/wd/hub/session/6d726dfb-82bc-4311-bb62-90fb085d346a/elements[39m
[35m[HTTP][39m [90m{"using":"-android uiautomator","value":"new UiSelector().className(\"android.widget.ImageView\").resourceId(\"com.solodroid.solomerce:id/category_image\")"}[39m
[35m[HTTP][39m [37m<-- POST /wd/hub/session/6d726dfb-82bc-4311-bb62-90fb085d346a/elements [39m[32m200[39m [90m26 ms - 651[39m
[35m[HTTP][39m [90m[39m
[35m[HTTP][39m [37m-->[39m [37mPOST[39m [37m/wd/hub/session/6d726dfb-82bc-4311-bb62-90fb085d346a/elements[39m
[35m[HTTP][39m [90m{"using":"xpath","value":"//*[@class = 'android.widget.ImageView' and @resource-id = 'com.solodroid.solomerce:id/category_image' and (@text = '' or . = '')]"}[39m
[35m[HTTP][39m [37m<-- POST /wd/hub/session/6d726dfb-82bc-4311-bb62-90fb085d346a/elements [39m[32m200[39m [90m22 ms - 651[39m
[35m[HTTP][39m [90m[39m
[35m[HTTP][39m [37m-->[39m [37mPOST[39m [37m/wd/hub/session/6d726dfb-82bc-4311-bb62-90fb085d346a/elements[39m
[35m[HTTP][39m [90m{"using":"id","value":"com.solodroid.solomerce:id/category_image"}[39m
[35m[HTTP][39m [37m<-- POST /wd/hub/session/6d726dfb-82bc-4311-bb62-90fb085d346a/elements [39m[32m200[39m [90m13 ms - 651[39m
[35m[HTTP][39m [90m[39m
[35m[HTTP][39m [37m-->[39m [37mPOST[39m [37m/wd/hub/session/6d726dfb-82bc-4311-bb62-90fb085d346a/elements[39m
[35m[HTTP][39m [90m{"using":"-android uiautomator","value":"new UiSelector().className(\"android.widget.ImageView\").resourceId(\"com.solodroid.solomerce:id/category_image\")"}[39m
[35m[HTTP][39m [37m<-- POST /wd/hub/session/6d726dfb-82bc-4311-bb62-90fb085d346a/elements [39m[32m200[39m [90m27 ms - 651[39m
[35m[HTTP][39m [90m[39m
[35m[HTTP][39m [37m-->[39m [37mPOST[39m [37m/wd/hub/session/6d726dfb-82bc-4311-bb62-90fb085d346a/elements[39m
[35m[HTTP][39m [90m{"using":"xpath","value":"//*[@class = 'android.widget.ImageView' and @resource-id = 'com.solodroid.solomerce:id/category_image' and (@text = '' or . = '')]"}[39m
[35m[HTTP][39m [37m<-- POST /wd/hub/session/6d726dfb-82bc-4311-bb62-90fb085d346a/elements [39m[32m200[39m [90m25 ms - 651[39m
[35m[HTTP][39m [90m[39m
[35m[HTTP][39m [37m-->[39m [37mPOST[39m [37m/wd/hub/session/6d726dfb-82bc-4311-bb62-90fb085d346a/elements[39m
[35m[HTTP][39m [90m{"using":"id","value":"com.solodroid.solomerce:id/category_image"}[39m
[35m[HTTP][39m [37m<-- POST /wd/hub/session/6d726dfb-82bc-4311-bb62-90fb085d346a/elements [39m[32m200[39m [90m15 ms - 651[39m
[35m[HTTP][39m [90m[39m
[35m[HTTP][39m [37m-->[39m [37mPOST[39m [37m/wd/hub/session/6d726dfb-82bc-4311-bb62-90fb085d346a/elements[39m
[35m[HTTP][39m [90m{"using":"-android uiautomator","value":"new UiSelector().className(\"android.widget.ImageView\").resourceId(\"com.solodroid.solomerce:id/category_image\")"}[39m
[35m[HTTP][39m [37m<-- POST /wd/hub/session/6d726dfb-82bc-4311-bb62-90fb085d346a/elements [39m[32m200[39m [90m32 ms - 651[39m
[35m[HTTP][39m [90m[39m
[35m[HTTP][39m [37m-->[39m [37mPOST[39m [37m/wd/hub/session/6d726dfb-82bc-4311-bb62-90fb085d346a/elements[39m
[35m[HTTP][39m [90m{"using":"xpath","value":"//*[@class = 'android.widget.ImageView' and @resource-id = 'com.solodroid.solomerce:id/category_image' and (@text = '' or . = '')]"}[39m
[35m[HTTP][39m [37m<-- POST /wd/hub/session/6d726dfb-82bc-4311-bb62-90fb085d346a/elements [39m[32m200[39m [90m27 ms - 651[39m
[35m[HTTP][39m [90m[39m
[35m[HTTP][39m [37m-->[39m [37mPOST[39m [37m/wd/hub/session/6d726dfb-82bc-4311-bb62-90fb085d346a/elements[39m
[35m[HTTP][39m [90m{"using":"id","value":"com.solodroid.solomerce:id/category_image"}[39m
[35m[HTTP][39m [37m<-- POST /wd/hub/session/6d726dfb-82bc-4311-bb62-90fb085d346a/elements [39m[32m200[39m [90m12 ms - 651[39m
[35m[HTTP][39m [90m[39m
[35m[HTTP][39m [37m-->[39m [37mPOST[39m [37m/wd/hub/session/6d726dfb-82bc-4311-bb62-90fb085d346a/elements[39m
[35m[HTTP][39m [90m{"using":"-android uiautomator","value":"new UiSelector().className(\"android.widget.ImageView\").resourceId(\"com.solodroid.solomerce:id/category_image\")"}[39m
[35m[HTTP][39m [37m<-- POST /wd/hub/session/6d726dfb-82bc-4311-bb62-90fb085d346a/elements [39m[32m200[39m [90m29 ms - 651[39m
[35m[HTTP][39m [90m[39m
[35m[HTTP][39m [37m-->[39m [37mPOST[39m [37m/wd/hub/session/6d726dfb-82bc-4311-bb62-90fb085d346a/elements[39m
[35m[HTTP][39m [90m{"using":"xpath","value":"//*[@class = 'android.widget.ImageView' and @resource-id = 'com.solodroid.solomerce:id/category_image' and (@text = '' or . = '')]"}[39m
[35m[HTTP][39m [37m<-- POST /wd/hub/session/6d726dfb-82bc-4311-bb62-90fb085d346a/elements [39m[32m200[39m [90m39 ms - 651[39m
[35m[HTTP][39m [90m[39m
[35m[HTTP][39m [37m-->[39m [37mPOST[39m [37m/wd/hub/session/6d726dfb-82bc-4311-bb62-90fb085d346a/elements[39m
[35m[HTTP][39m [90m{"using":"id","value":"com.solodroid.solomerce:id/category_image"}[39m
[35m[HTTP][39m [37m<-- POST /wd/hub/session/6d726dfb-82bc-4311-bb62-90fb085d346a/elements [39m[32m200[39m [90m17 ms - 651[39m
[35m[HTTP][39m [90m[39m
[35m[HTTP][39m [37m-->[39m [37mPOST[39m [37m/wd/hub/session/6d726dfb-82bc-4311-bb62-90fb085d346a/elements[39m
[35m[HTTP][39m [90m{"using":"-android uiautomator","value":"new UiSelector().className(\"android.widget.ImageView\").resourceId(\"com.solodroid.solomerce:id/category_image\")"}[39m
[35m[HTTP][39m [37m<-- POST /wd/hub/session/6d726dfb-82bc-4311-bb62-90fb085d346a/elements [39m[32m200[39m [90m26 ms - 651[39m
[35m[HTTP][39m [90m[39m
[35m[HTTP][39m [37m-->[39m [37mPOST[39m [37m/wd/hub/session/6d726dfb-82bc-4311-bb62-90fb085d346a/elements[39m
[35m[HTTP][39m [90m{"using":"xpath","value":"//*[@class = 'android.widget.TextView' and (@text = 'Hybrid Stroller Cabi Sport Rosse Gold ' or . = 'Hybrid Stroller Cabi Sport Rosse Gold ') and @resource-id = 'com.solodroid.solomerce:id/product_name']"}[39m
[35m[HTTP][39m [37m<-- POST /wd/hub/session/6d726dfb-82bc-4311-bb62-90fb085d346a/elements [39m[32m200[39m [90m39 ms - 139[39m
[35m[HTTP][39m [90m[39m
[35m[HTTP][39m [37m-->[39m [37mPOST[39m [37m/wd/hub/session/6d726dfb-82bc-4311-bb62-90fb085d346a/elements[39m
[35m[HTTP][39m [90m{"using":"xpath","value":"//*[@class = 'android.widget.TextView' and (@text = 'Bib Slabber Waterproof' or . = 'Bib Slabber Waterproof') and @resource-id = 'com.solodroid.solomerce:id/product_name']"}[39m
[35m[HTTP][39m [37m<-- POST /wd/hub/session/6d726dfb-82bc-4311-bb62-90fb085d346a/elements [39m[32m200[39m [90m28 ms - 139[39m
[35m[HTTP][39m [90m[39m
[35m[HTTP][39m [37m-->[39m [37mPOST[39m [37m/wd/hub/session/6d726dfb-82bc-4311-bb62-90fb085d346a/elements[39m
[35m[HTTP][39m [90m{"using":"xpath","value":"//*[@class = 'android.widget.TextView' and (@text = 'Portable Bottle Heater' or . = 'Portable Bottle Heater') and @resource-id = 'com.solodroid.solomerce:id/product_name']"}[39m
[35m[HTTP][39m [37m<-- POST /wd/hub/session/6d726dfb-82bc-4311-bb62-90fb085d346a/elements [39m[32m200[39m [90m20 ms - 139[39m
[35m[HTTP][39m [90m[39m
[35m[HTTP][39m [37m-->[39m [37mPOST[39m [37m/wd/hub/session/6d726dfb-82bc-4311-bb62-90fb085d346a/elements[39m
[35m[HTTP][39m [90m{"using":"xpath","value":"//*[@class = 'android.widget.TextView' and (@text = 'GEA Baby RayQueen Plus JHS-400 UV Sterilizer - Metal White' or . = 'GEA Baby RayQueen Plus JHS-400 UV Sterilizer - Metal White') and @resource-id = 'com.solodroid.solomerce:id/product_name']"}[39m
[35m[HTTP][39m [37m<-- POST /wd/hub/session/6d726dfb-82bc-4311-bb62-90fb085d346a/elements [39m[32m200[39m [90m25 ms - 139[39m
[35m[HTTP][39m [90m[39m
[35m[HTTP][39m [37m-->[39m [37mPOST[39m [37m/wd/hub/session/6d726dfb-82bc-4311-bb62-90fb085d346a/elements[39m
[35m[HTTP][39m [90m{"using":"xpath","value":"//*[@class = 'android.widget.TextView' and (@text = '380 USD' or . = '380 USD') and @resource-id = 'com.solodroid.solomerce:id/product_price']"}[39m
[35m[HTTP][39m [37m<-- POST /wd/hub/session/6d726dfb-82bc-4311-bb62-90fb085d346a/elements [39m[32m200[39m [90m23 ms - 139[39m
[35m[HTTP][39m [90m[39m
[35m[HTTP][39m [37m-->[39m [37mPOST[39m [37m/wd/hub/session/6d726dfb-82bc-4311-bb62-90fb085d346a/elements[39m
[35m[HTTP][39m [90m{"using":"xpath","value":"//*[@class = 'android.widget.TextView' and (@text = '8 USD' or . = '8 USD') and @resource-id = 'com.solodroid.solomerce:id/product_price']"}[39m
[35m[HTTP][39m [37m<-- POST /wd/hub/session/6d726dfb-82bc-4311-bb62-90fb085d346a/elements [39m[32m200[39m [90m22 ms - 267[39m
[35m[HTTP][39m [90m[39m
[35m[HTTP][39m [37m-->[39m [37mPOST[39m [37m/wd/hub/session/6d726dfb-82bc-4311-bb62-90fb085d346a/elements[39m
[35m[HTTP][39m [90m{"using":"id","value":"com.solodroid.solomerce:id/product_price"}[39m
[35m[HTTP][39m [37m<-- POST /wd/hub/session/6d726dfb-82bc-4311-bb62-90fb085d346a/elements [39m[32m200[39m [90m16 ms - 523[39m
[35m[HTTP][39m [90m[39m
[35m[HTTP][39m [37m-->[39m [37mPOST[39m [37m/wd/hub/session/6d726dfb-82bc-4311-bb62-90fb085d346a/elements[39m
[35m[HTTP][39m [90m{"using":"-android uiautomator","value":"new UiSelector().className(\"android.widget.TextView\").text(\"8 USD\").resourceId(\"com.solodroid.solomerce:id/product_price\")"}[39m
[35m[HTTP][39m [37m<-- POST /wd/hub/session/6d726dfb-82bc-4311-bb62-90fb085d346a/elements [39m[32m200[39m [90m21 ms - 267[39m
[35m[HTTP][39m [90m[39m
[35m[HTTP][39m [37m-->[39m [37mPOST[39m [37m/wd/hub/session/6d726dfb-82bc-4311-bb62-90fb085d346a/elements[39m
[35m[HTTP][39m [90m{"using":"xpath","value":"//*[@class = 'android.widget.TextView' and (@text = '8 USD' or . = '8 USD') and @resource-id = 'com.solodroid.solomerce:id/product_price']"}[39m
[35m[HTTP][39m [37m<-- POST /wd/hub/session/6d726dfb-82bc-4311-bb62-90fb085d346a/elements [39m[32m200[39m [90m40 ms - 267[39m
[35m[HTTP][39m [90m[39m
[35m[HTTP][39m [37m-->[39m [37mPOST[39m [37m/wd/hub/session/6d726dfb-82bc-4311-bb62-90fb085d346a/elements[39m
[35m[HTTP][39m [90m{"using":"id","value":"com.solodroid.solomerce:id/product_price"}[39m
[35m[HTTP][39m [37m<-- POST /wd/hub/session/6d726dfb-82bc-4311-bb62-90fb085d346a/elements [39m[32m200[39m [90m11 ms - 523[39m
[35m[HTTP][39m [90m[39m
[35m[HTTP][39m [37m-->[39m [37mPOST[39m [37m/wd/hub/session/6d726dfb-82bc-4311-bb62-90fb085d346a/elements[39m
[35m[HTTP][39m [90m{"using":"-android uiautomator","value":"new UiSelector().className(\"android.widget.TextView\").text(\"8 USD\").resourceId(\"com.solodroid.solomerce:id/product_price\")"}[39m
[35m[HTTP][39m [37m<-- POST /wd/hub/session/6d726dfb-82bc-4311-bb62-90fb085d346a/elements [39m[32m200[39m [90m18 ms - 267[39m
[35m[HTTP][39m [90m[39m
[35m[HTTP][39m [37m-->[39m [37mPOST[39m [37m/wd/hub/session/6d726dfb-82bc-4311-bb62-90fb085d346a/elements[39m
[35m[HTTP][39m [90m{"using":"xpath","value":"//*[@class = 'android.widget.TextView' and (@text = '220 USD' or . = '220 USD') and @resource-id = 'com.solodroid.solomerce:id/product_price']"}[39m
[35m[HTTP][39m [37m<-- POST /wd/hub/session/6d726dfb-82bc-4311-bb62-90fb085d346a/elements [39m[32m200[39m [90m21 ms - 139[39m
[35m[HTTP][39m [90m[39m
[35m[HTTP][39m [37m-->[39m [37mGET[39m [37m/wd/hub/session/6d726dfb-82bc-4311-bb62-90fb085d346a/source[39m
[35m[HTTP][39m [90m{}[39m
[35m[W3C (6d726dfb)][39m Driver proxy active, passing request on via HTTP proxy
[35m[WD Proxy][39m Replacing sessionId a2ca8f12-df8b-4c62-a94c-e4a9cbbc722a with 6d726dfb-82bc-4311-bb62-90fb085d346a
[35m[HTTP][39m [37m<-- GET /wd/hub/session/6d726dfb-82bc-4311-bb62-90fb085d346a/source [39m[32m200[39m [90m126 ms - 19920[39m
[35m[HTTP][39m [90m[39m
[35m[HTTP][39m [37m-->[39m [37mGET[39m [37m/wd/hub/session/6d726dfb-82bc-4311-bb62-90fb085d346a/screenshot[39m
[35m[HTTP][39m [90m{}[39m
[35m[HTTP][39m [37m<-- GET /wd/hub/session/6d726dfb-82bc-4311-bb62-90fb085d346a/screenshot [39m[32m200[39m [90m734 ms - 669832[39m
[35m[HTTP][39m [90m[39m
[35m[HTTP][39m [37m-->[39m [37mPOST[39m [37m/wd/hub/session/6d726dfb-82bc-4311-bb62-90fb085d346a/elements[39m
[35m[HTTP][39m [90m{"using":"xpath","value":"//*[@class = 'android.widget.TextView' and (@text = 'Animal Jumpsuit for Newborn Baby' or . = 'Animal Jumpsuit for Newborn Baby') and @resource-id = 'com.solodroid.solomerce:id/product_name']"}[39m
[35m[HTTP][39m [37m<-- POST /wd/hub/session/6d726dfb-82bc-4311-bb62-90fb085d346a/elements [39m[32m200[39m [90m27 ms - 139[39m
[35m[HTTP][39m [90m[39m
[35m[HTTP][39m [37m-->[39m [37mPOST[39m [37m/wd/hub/session/6d726dfb-82bc-4311-bb62-90fb085d346a/elements[39m
[35m[HTTP][39m [90m{"using":"xpath","value":"//*[@class = 'android.widget.TextView' and (@text = '10 USD' or . = '10 USD') and @resource-id = 'com.solodroid.solomerce:id/product_price']"}[39m
[35m[HTTP][39m [37m<-- POST /wd/hub/session/6d726dfb-82bc-4311-bb62-90fb085d346a/elements [39m[32m200[39m [90m23 ms - 139[39m
[35m[HTTP][39m [90m[39m
[35m[HTTP][39m [37m-->[39m [37mGET[39m [37m/wd/hub/session/6d726dfb-82bc-4311-bb62-90fb085d346a/source[39m
[35m[HTTP][39m [90m{}[39m
[35m[W3C (6d726dfb)][39m Driver proxy active, passing request on via HTTP proxy
[35m[WD Proxy][39m Replacing sessionId a2ca8f12-df8b-4c62-a94c-e4a9cbbc722a with 6d726dfb-82bc-4311-bb62-90fb085d346a
[35m[HTTP][39m [37m<-- GET /wd/hub/session/6d726dfb-82bc-4311-bb62-90fb085d346a/source [39m[32m200[39m [90m71 ms - 20948[39m
[35m[HTTP][39m [90m[39m
[35m[HTTP][39m [37m-->[39m [37mGET[39m [37m/wd/hub/session/6d726dfb-82bc-4311-bb62-90fb085d346a/screenshot[39m
[35m[HTTP][39m [90m{}[39m
[35m[HTTP][39m [37m<-- GET /wd/hub/session/6d726dfb-82bc-4311-bb62-90fb085d346a/screenshot [39m[32m200[39m [90m1241 ms - 1794724[39m
[35m[HTTP][39m [90m[39m
[35m[HTTP][39m [37m-->[39m [37mPOST[39m [37m/wd/hub/session/6d726dfb-82bc-4311-bb62-90fb085d346a/elements[39m
[35m[HTTP][39m [90m{"using":"xpath","value":"//*[@class = 'android.widget.ImageButton' and (@text = '' or . = '')]"}[39m
[35m[HTTP][39m [37m<-- POST /wd/hub/session/6d726dfb-82bc-4311-bb62-90fb085d346a/elements [39m[32m200[39m [90m25 ms - 139[39m
[35m[HTTP][39m [90m[39m
[35m[HTTP][39m [37m-->[39m [37mPOST[39m [37m/wd/hub/session/6d726dfb-82bc-4311-bb62-90fb085d346a/elements[39m
[35m[HTTP][39m [90m{"using":"xpath","value":"//*[@class = 'android.widget.TextView' and (@text = 'Home & Furniture' or . = 'Home & Furniture')]"}[39m
[35m[HTTP][39m [37m<-- POST /wd/hub/session/6d726dfb-82bc-4311-bb62-90fb085d346a/elements [39m[32m200[39m [90m22 ms - 139[39m
[35m[HTTP][39m [90m[39m
[35m[HTTP][39m [37m-->[39m [37mPOST[39m [37m/wd/hub/session/6d726dfb-82bc-4311-bb62-90fb085d346a/elements[39m
[35m[HTTP][39m [90m{"using":"xpath","value":"//*[@class = 'android.widget.ImageView' and @resource-id = 'com.solodroid.solomerce:id/category_image' and (@text = '' or . = '')]"}[39m
[35m[HTTP][39m [37m<-- POST /wd/hub/session/6d726dfb-82bc-4311-bb62-90fb085d346a/elements [39m[32m200[39m [90m25 ms - 651[39m
[35m[HTTP][39m [90m[39m
[35m[HTTP][39m [37m-->[39m [37mPOST[39m [37m/wd/hub/session/6d726dfb-82bc-4311-bb62-90fb085d346a/elements[39m
[35m[HTTP][39m [90m{"using":"id","value":"com.solodroid.solomerce:id/category_image"}[39m
[35m[HTTP][39m [37m<-- POST /wd/hub/session/6d726dfb-82bc-4311-bb62-90fb085d346a/elements [39m[32m200[39m [90m12 ms - 651[39m
[35m[HTTP][39m [90m[39m
[35m[HTTP][39m [37m-->[39m [37mPOST[39m [37m/wd/hub/session/6d726dfb-82bc-4311-bb62-90fb085d346a/elements[39m
[35m[HTTP][39m [90m{"using":"-android uiautomator","value":"new UiSelector().className(\"android.widget.ImageView\").resourceId(\"com.solodroid.solomerce:id/category_image\")"}[39m
[35m[HTTP][39m [37m<-- POST /wd/hub/session/6d726dfb-82bc-4311-bb62-90fb085d346a/elements [39m[32m200[39m [90m26 ms - 651[39m
[35m[HTTP][39m [90m[39m
[35m[HTTP][39m [37m-->[39m [37mPOST[39m [37m/wd/hub/session/6d726dfb-82bc-4311-bb62-90fb085d346a/elements[39m
[35m[HTTP][39m [90m{"using":"xpath","value":"//*[@class = 'android.widget.ImageView' and @resource-id = 'com.solodroid.solomerce:id/category_image' and (@text = '' or . = '')]"}[39m
[35m[HTTP][39m [37m<-- POST /wd/hub/session/6d726dfb-82bc-4311-bb62-90fb085d346a/elements [39m[32m200[39m [90m34 ms - 651[39m
[35m[HTTP][39m [90m[39m
[35m[HTTP][39m [37m-->[39m [37mPOST[39m [37m/wd/hub/session/6d726dfb-82bc-4311-bb62-90fb085d346a/elements[39m
[35m[HTTP][39m [90m{"using":"id","value":"com.solodroid.solomerce:id/category_image"}[39m
[35m[HTTP][39m [37m<-- POST /wd/hub/session/6d726dfb-82bc-4311-bb62-90fb085d346a/elements [39m[32m200[39m [90m12 ms - 651[39m
[35m[HTTP][39m [90m[39m
[35m[HTTP][39m [37m-->[39m [37mPOST[39m [37m/wd/hub/session/6d726dfb-82bc-4311-bb62-90fb085d346a/elements[39m
[35m[HTTP][39m [90m{"using":"-android uiautomator","value":"new UiSelector().className(\"android.widget.ImageView\").resourceId(\"com.solodroid.solomerce:id/category_image\")"}[39m
[35m[HTTP][39m [37m<-- POST /wd/hub/session/6d726dfb-82bc-4311-bb62-90fb085d346a/elements [39m[32m200[39m [90m32 ms - 651[39m
[35m[HTTP][39m [90m[39m
[35m[HTTP][39m [37m-->[39m [37mPOST[39m [37m/wd/hub/session/6d726dfb-82bc-4311-bb62-90fb085d346a/elements[39m
[35m[HTTP][39m [90m{"using":"xpath","value":"//*[@class = 'android.widget.ImageView' and @resource-id = 'com.solodroid.solomerce:id/category_image' and (@text = '' or . = '')]"}[39m
[35m[HTTP][39m [37m<-- POST /wd/hub/session/6d726dfb-82bc-4311-bb62-90fb085d346a/elements [39m[32m200[39m [90m24 ms - 651[39m
[35m[HTTP][39m [90m[39m
[35m[HTTP][39m [37m-->[39m [37mPOST[39m [37m/wd/hub/session/6d726dfb-82bc-4311-bb62-90fb085d346a/elements[39m
[35m[HTTP][39m [90m{"using":"id","value":"com.solodroid.solomerce:id/category_image"}[39m
[35m[HTTP][39m [37m<-- POST /wd/hub/session/6d726dfb-82bc-4311-bb62-90fb085d346a/elements [39m[32m200[39m [90m10 ms - 651[39m
[35m[HTTP][39m [90m[39m
[35m[HTTP][39m [37m-->[39m [37mPOST[39m [37m/wd/hub/session/6d726dfb-82bc-4311-bb62-90fb085d346a/elements[39m
[35m[HTTP][39m [90m{"using":"-android uiautomator","value":"new UiSelector().className(\"android.widget.ImageView\").resourceId(\"com.solodroid.solomerce:id/category_image\")"}[39m
[35m[HTTP][39m [37m<-- POST /wd/hub/session/6d726dfb-82bc-4311-bb62-90fb085d346a/elements [39m[32m200[39m [90m22 ms - 651[39m
[35m[HTTP][39m [90m[39m
[35m[HTTP][39m [37m-->[39m [37mPOST[39m [37m/wd/hub/session/6d726dfb-82bc-4311-bb62-90fb085d346a/elements[39m
[35m[HTTP][39m [90m{"using":"xpath","value":"//*[@class = 'android.widget.ImageView' and @resource-id = 'com.solodroid.solomerce:id/category_image' and (@text = '' or . = '')]"}[39m
[35m[HTTP][39m [37m<-- POST /wd/hub/session/6d726dfb-82bc-4311-bb62-90fb085d346a/elements [39m[32m200[39m [90m44 ms - 651[39m
[35m[HTTP][39m [90m[39m
[35m[HTTP][39m [37m-->[39m [37mPOST[39m [37m/wd/hub/session/6d726dfb-82bc-4311-bb62-90fb085d346a/elements[39m
[35m[HTTP][39m [90m{"using":"id","value":"com.solodroid.solomerce:id/category_image"}[39m
[35m[HTTP][39m [37m<-- POST /wd/hub/session/6d726dfb-82bc-4311-bb62-90fb085d346a/elements [39m[32m200[39m [90m15 ms - 651[39m
[35m[HTTP][39m [90m[39m
[35m[HTTP][39m [37m-->[39m [37mPOST[39m [37m/wd/hub/session/6d726dfb-82bc-4311-bb62-90fb085d346a/elements[39m
[35m[HTTP][39m [90m{"using":"-android uiautomator","value":"new UiSelector().className(\"android.widget.ImageView\").resourceId(\"com.solodroid.solomerce:id/category_image\")"}[39m
[35m[HTTP][39m [37m<-- POST /wd/hub/session/6d726dfb-82bc-4311-bb62-90fb085d346a/elements [39m[32m200[39m [90m25 ms - 651[39m
[35m[HTTP][39m [90m[39m
[35m[HTTP][39m [37m-->[39m [37mPOST[39m [37m/wd/hub/session/6d726dfb-82bc-4311-bb62-90fb085d346a/elements[39m
[35m[HTTP][39m [90m{"using":"xpath","value":"//*[@class = 'android.widget.ImageView' and @resource-id = 'com.solodroid.solomerce:id/category_image' and (@text = '' or . = '')]"}[39m
[35m[HTTP][39m [37m<-- POST /wd/hub/session/6d726dfb-82bc-4311-bb62-90fb085d346a/elements [39m[32m200[39m [90m24 ms - 651[39m
[35m[HTTP][39m [90m[39m
[35m[HTTP][39m [37m-->[39m [37mPOST[39m [37m/wd/hub/session/6d726dfb-82bc-4311-bb62-90fb085d346a/elements[39m
[35m[HTTP][39m [90m{"using":"id","value":"com.solodroid.solomerce:id/category_image"}[39m
[35m[HTTP][39m [37m<-- POST /wd/hub/session/6d726dfb-82bc-4311-bb62-90fb085d346a/elements [39m[32m200[39m [90m11 ms - 651[39m
[35m[HTTP][39m [90m[39m
[35m[HTTP][39m [37m-->[39m [37mPOST[39m [37m/wd/hub/session/6d726dfb-82bc-4311-bb62-90fb085d346a/elements[39m
[35m[HTTP][39m [90m{"using":"-android uiautomator","value":"new UiSelector().className(\"android.widget.ImageView\").resourceId(\"com.solodroid.solomerce:id/category_image\")"}[39m
[35m[HTTP][39m [37m<-- POST /wd/hub/session/6d726dfb-82bc-4311-bb62-90fb085d346a/elements [39m[32m200[39m [90m28 ms - 651[39m
[35m[HTTP][39m [90m[39m
[35m[HTTP][39m [37m-->[39m [37mPOST[39m [37m/wd/hub/session/6d726dfb-82bc-4311-bb62-90fb085d346a/elements[39m
[35m[HTTP][39m [90m{"using":"xpath","value":"//*[@class = 'android.widget.TextView' and (@text = 'Bathroom Toilet Wall Shelves A289' or . = 'Bathroom Toilet Wall Shelves A289') and @resource-id = 'com.solodroid.solomerce:id/product_name']"}[39m
[35m[HTTP][39m [37m<-- POST /wd/hub/session/6d726dfb-82bc-4311-bb62-90fb085d346a/elements [39m[32m200[39m [90m29 ms - 139[39m
[35m[HTTP][39m [90m[39m
[35m[HTTP][39m [37m-->[39m [37mPOST[39m [37m/wd/hub/session/6d726dfb-82bc-4311-bb62-90fb085d346a/elements[39m
[35m[HTTP][39m [90m{"using":"xpath","value":"//*[@class = 'android.widget.TextView' and (@text = 'Copper Light 3 Battery Warm White - Fairy Light Battery ' or . = 'Copper Light 3 Battery Warm White - Fairy Light Battery ') and @resource-id = 'com.solodroid.solomerce:id/product_name']"}[39m
[35m[HTTP][39m [37m<-- POST /wd/hub/session/6d726dfb-82bc-4311-bb62-90fb085d346a/elements [39m[32m200[39m [90m33 ms - 139[39m
[35m[HTTP][39m [90m[39m
[35m[HTTP][39m [37m-->[39m [37mPOST[39m [37m/wd/hub/session/6d726dfb-82bc-4311-bb62-90fb085d346a/elements[39m
[35m[HTTP][39m [90m{"using":"xpath","value":"//*[@class = 'android.widget.TextView' and (@text = 'Bed Mosquito Net KL200 | 200 x 200 cm' or . = 'Bed Mosquito Net KL200 | 200 x 200 cm') and @resource-id = 'com.solodroid.solomerce:id/product_name']"}[39m
[35m[HTTP][39m [37m<-- POST /wd/hub/session/6d726dfb-82bc-4311-bb62-90fb085d346a/elements [39m[32m200[39m [90m34 ms - 139[39m
[35m[HTTP][39m [90m[39m
[35m[HTTP][39m [37m-->[39m [37mPOST[39m [37m/wd/hub/session/6d726dfb-82bc-4311-bb62-90fb085d346a/elements[39m
[35m[HTTP][39m [90m{"using":"xpath","value":"//*[@class = 'android.widget.TextView' and (@text = 'Robot Vacuum Cleaner Wellcomm Home 2.0' or . = 'Robot Vacuum Cleaner Wellcomm Home 2.0') and @resource-id = 'com.solodroid.solomerce:id/product_name']"}[39m
[35m[HTTP][39m [37m<-- POST /wd/hub/session/6d726dfb-82bc-4311-bb62-90fb085d346a/elements [39m[32m200[39m [90m25 ms - 139[39m
[35m[HTTP][39m [90m[39m
[35m[HTTP][39m [37m-->[39m [37mPOST[39m [37m/wd/hub/session/6d726dfb-82bc-4311-bb62-90fb085d346a/elements[39m
[35m[HTTP][39m [90m{"using":"xpath","value":"//*[@class = 'android.widget.TextView' and (@text = '8 USD' or . = '8 USD') and @resource-id = 'com.solodroid.solomerce:id/product_price']"}[39m
[35m[HTTP][39m [37m<-- POST /wd/hub/session/6d726dfb-82bc-4311-bb62-90fb085d346a/elements [39m[32m200[39m [90m39 ms - 139[39m
[35m[HTTP][39m [90m[39m
[35m[HTTP][39m [37m-->[39m [37mPOST[39m [37m/wd/hub/session/6d726dfb-82bc-4311-bb62-90fb085d346a/elements[39m
[35m[HTTP][39m [90m{"using":"xpath","value":"//*[@class = 'android.widget.TextView' and (@text = '9 USD' or . = '9 USD') and @resource-id = 'com.solodroid.solomerce:id/product_price']"}[39m
[35m[HTTP][39m [37m<-- POST /wd/hub/session/6d726dfb-82bc-4311-bb62-90fb085d346a/elements [39m[32m200[39m [90m19 ms - 139[39m
[35m[HTTP][39m [90m[39m
[35m[HTTP][39m [37m-->[39m [37mPOST[39m [37m/wd/hub/session/6d726dfb-82bc-4311-bb62-90fb085d346a/elements[39m
[35m[HTTP][39m [90m{"using":"xpath","value":"//*[@class = 'android.widget.TextView' and (@text = '19 USD' or . = '19 USD') and @resource-id = 'com.solodroid.solomerce:id/product_price']"}[39m
[35m[HTTP][39m [37m<-- POST /wd/hub/session/6d726dfb-82bc-4311-bb62-90fb085d346a/elements [39m[32m200[39m [90m25 ms - 139[39m
[35m[HTTP][39m [90m[39m
[35m[HTTP][39m [37m-->[39m [37mPOST[39m [37m/wd/hub/session/6d726dfb-82bc-4311-bb62-90fb085d346a/elements[39m
[35m[HTTP][39m [90m{"using":"xpath","value":"//*[@class = 'android.widget.TextView' and (@text = '250 USD' or . = '250 USD') and @resource-id = 'com.solodroid.solomerce:id/product_price']"}[39m
[35m[HTTP][39m [37m<-- POST /wd/hub/session/6d726dfb-82bc-4311-bb62-90fb085d346a/elements [39m[32m200[39m [90m22 ms - 139[39m
[35m[HTTP][39m [90m[39m
[35m[HTTP][39m [37m-->[39m [37mGET[39m [37m/wd/hub/session/6d726dfb-82bc-4311-bb62-90fb085d346a/source[39m
[35m[HTTP][39m [90m{}[39m
[35m[W3C (6d726dfb)][39m Driver proxy active, passing request on via HTTP proxy
[35m[WD Proxy][39m Replacing sessionId a2ca8f12-df8b-4c62-a94c-e4a9cbbc722a with 6d726dfb-82bc-4311-bb62-90fb085d346a
[35m[HTTP][39m [37m<-- GET /wd/hub/session/6d726dfb-82bc-4311-bb62-90fb085d346a/source [39m[32m200[39m [90m76 ms - 20421[39m
[35m[HTTP][39m [90m[39m
[35m[HTTP][39m [37m-->[39m [37mGET[39m [37m/wd/hub/session/6d726dfb-82bc-4311-bb62-90fb085d346a/screenshot[39m
[35m[HTTP][39m [90m{}[39m
[35m[HTTP][39m [37m<-- GET /wd/hub/session/6d726dfb-82bc-4311-bb62-90fb085d346a/screenshot [39m[32m200[39m [90m1011 ms - 1240828[39m
[35m[HTTP][39m [90m[39m
[35m[HTTP][39m [37m-->[39m [37mPOST[39m [37m/wd/hub/session/6d726dfb-82bc-4311-bb62-90fb085d346a/elements[39m
[35m[HTTP][39m [90m{"using":"xpath","value":"//*[@class = 'android.widget.TextView' and (@text = 'Multifunction Stand Hanger' or . = 'Multifunction Stand Hanger') and @resource-id = 'com.solodroid.solomerce:id/product_name']"}[39m
[35m[HTTP][39m [37m<-- POST /wd/hub/session/6d726dfb-82bc-4311-bb62-90fb085d346a/elements [39m[32m200[39m [90m29 ms - 139[39m
[35m[HTTP][39m [90m[39m
[35m[HTTP][39m [37m-->[39m [37mPOST[39m [37m/wd/hub/session/6d726dfb-82bc-4311-bb62-90fb085d346a/elements[39m
[35m[HTTP][39m [90m{"using":"xpath","value":"//*[@class = 'android.widget.TextView' and (@text = '12 USD' or . = '12 USD') and @resource-id = 'com.solodroid.solomerce:id/product_price']"}[39m
[35m[HTTP][39m [37m<-- POST /wd/hub/session/6d726dfb-82bc-4311-bb62-90fb085d346a/elements [39m[32m200[39m [90m27 ms - 139[39m
[35m[HTTP][39m [90m[39m
[35m[HTTP][39m [37m-->[39m [37mGET[39m [37m/wd/hub/session/6d726dfb-82bc-4311-bb62-90fb085d346a/source[39m
[35m[HTTP][39m [90m{}[39m
[35m[W3C (6d726dfb)][39m Driver proxy active, passing request on via HTTP proxy
[35m[WD Proxy][39m Replacing sessionId a2ca8f12-df8b-4c62-a94c-e4a9cbbc722a with 6d726dfb-82bc-4311-bb62-90fb085d346a
[35m[HTTP][39m [37m<-- GET /wd/hub/session/6d726dfb-82bc-4311-bb62-90fb085d346a/source [39m[32m200[39m [90m43 ms - 20887[39m
[35m[HTTP][39m [90m[39m
[35m[HTTP][39m [37m-->[39m [37mGET[39m [37m/wd/hub/session/6d726dfb-82bc-4311-bb62-90fb085d346a/screenshot[39m
[35m[HTTP][39m [90m{}[39m
[35m[HTTP][39m [37m<-- GET /wd/hub/session/6d726dfb-82bc-4311-bb62-90fb085d346a/screenshot [39m[32m200[39m [90m762 ms - 1309152[39m
[35m[HTTP][39m [90m[39m
[35m[HTTP][39m [37m-->[39m [37mPOST[39m [37m/wd/hub/session/6d726dfb-82bc-4311-bb62-90fb085d346a/elements[39m
[35m[HTTP][39m [90m{"using":"xpath","value":"//*[@class = 'android.widget.ImageButton' and (@text = '' or . = '')]"}[39m
[35m[HTTP][39m [37m<-- POST /wd/hub/session/6d726dfb-82bc-4311-bb62-90fb085d346a/elements [39m[32m200[39m [90m39 ms - 139[39m
[35m[HTTP][39m [90m[39m
[35m[HTTP][39m [37m-->[39m [37mPOST[39m [37m/wd/hub/session/6d726dfb-82bc-4311-bb62-90fb085d346a/elements[39m
[35m[HTTP][39m [90m{"using":"xpath","value":"//*[@class = 'android.widget.TextView' and (@text = 'Health & Sports' or . = 'Health & Sports')]"}[39m
[35m[HTTP][39m [37m<-- POST /wd/hub/session/6d726dfb-82bc-4311-bb62-90fb085d346a/elements [39m[32m200[39m [90m24 ms - 139[39m
[35m[HTTP][39m [90m[39m
[35m[HTTP][39m [37m-->[39m [37mPOST[39m [37m/wd/hub/session/6d726dfb-82bc-4311-bb62-90fb085d346a/elements[39m
[35m[HTTP][39m [90m{"using":"xpath","value":"//*[@class = 'android.widget.ImageView' and @resource-id = 'com.solodroid.solomerce:id/category_image' and (@text = '' or . = '')]"}[39m
[35m[HTTP][39m [37m<-- POST /wd/hub/session/6d726dfb-82bc-4311-bb62-90fb085d346a/elements [39m[32m200[39m [90m24 ms - 651[39m
[35m[HTTP][39m [90m[39m
[35m[HTTP][39m [37m-->[39m [37mPOST[39m [37m/wd/hub/session/6d726dfb-82bc-4311-bb62-90fb085d346a/elements[39m
[35m[HTTP][39m [90m{"using":"id","value":"com.solodroid.solomerce:id/category_image"}[39m
[35m[HTTP][39m [37m<-- POST /wd/hub/session/6d726dfb-82bc-4311-bb62-90fb085d346a/elements [39m[32m200[39m [90m13 ms - 651[39m
[35m[HTTP][39m [90m[39m
[35m[HTTP][39m [37m-->[39m [37mPOST[39m [37m/wd/hub/session/6d726dfb-82bc-4311-bb62-90fb085d346a/elements[39m
[35m[HTTP][39m [90m{"using":"-android uiautomator","value":"new UiSelector().className(\"android.widget.ImageView\").resourceId(\"com.solodroid.solomerce:id/category_image\")"}[39m
[35m[HTTP][39m [37m<-- POST /wd/hub/session/6d726dfb-82bc-4311-bb62-90fb085d346a/elements [39m[32m200[39m [90m24 ms - 651[39m
[35m[HTTP][39m [90m[39m
[35m[HTTP][39m [37m-->[39m [37mPOST[39m [37m/wd/hub/session/6d726dfb-82bc-4311-bb62-90fb085d346a/elements[39m
[35m[HTTP][39m [90m{"using":"xpath","value":"//*[@class = 'android.widget.ImageView' and @resource-id = 'com.solodroid.solomerce:id/category_image' and (@text = '' or . = '')]"}[39m
[35m[HTTP][39m [37m<-- POST /wd/hub/session/6d726dfb-82bc-4311-bb62-90fb085d346a/elements [39m[32m200[39m [90m33 ms - 651[39m
[35m[HTTP][39m [90m[39m
[35m[HTTP][39m [37m-->[39m [37mPOST[39m [37m/wd/hub/session/6d726dfb-82bc-4311-bb62-90fb085d346a/elements[39m
[35m[HTTP][39m [90m{"using":"id","value":"com.solodroid.solomerce:id/category_image"}[39m
[35m[HTTP][39m [37m<-- POST /wd/hub/session/6d726dfb-82bc-4311-bb62-90fb085d346a/elements [39m[32m200[39m [90m14 ms - 651[39m
[35m[HTTP][39m [90m[39m
[35m[HTTP][39m [37m-->[39m [37mPOST[39m [37m/wd/hub/session/6d726dfb-82bc-4311-bb62-90fb085d346a/elements[39m
[35m[HTTP][39m [90m{"using":"-android uiautomator","value":"new UiSelector().className(\"android.widget.ImageView\").resourceId(\"com.solodroid.solomerce:id/category_image\")"}[39m
[35m[HTTP][39m [37m<-- POST /wd/hub/session/6d726dfb-82bc-4311-bb62-90fb085d346a/elements [39m[32m200[39m [90m25 ms - 651[39m
[35m[HTTP][39m [90m[39m
[35m[HTTP][39m [37m-->[39m [37mPOST[39m [37m/wd/hub/session/6d726dfb-82bc-4311-bb62-90fb085d346a/elements[39m
[35m[HTTP][39m [90m{"using":"xpath","value":"//*[@class = 'android.widget.ImageView' and @resource-id = 'com.solodroid.solomerce:id/category_image' and (@text = '' or . = '')]"}[39m
[35m[HTTP][39m [37m<-- POST /wd/hub/session/6d726dfb-82bc-4311-bb62-90fb085d346a/elements [39m[32m200[39m [90m22 ms - 651[39m
[35m[HTTP][39m [90m[39m
[35m[HTTP][39m [37m-->[39m [37mPOST[39m [37m/wd/hub/session/6d726dfb-82bc-4311-bb62-90fb085d346a/elements[39m
[35m[HTTP][39m [90m{"using":"id","value":"com.solodroid.solomerce:id/category_image"}[39m
[35m[HTTP][39m [37m<-- POST /wd/hub/session/6d726dfb-82bc-4311-bb62-90fb085d346a/elements [39m[32m200[39m [90m10 ms - 651[39m
[35m[HTTP][39m [90m[39m
[35m[HTTP][39m [37m-->[39m [37mPOST[39m [37m/wd/hub/session/6d726dfb-82bc-4311-bb62-90fb085d346a/elements[39m
[35m[HTTP][39m [90m{"using":"-android uiautomator","value":"new UiSelector().className(\"android.widget.ImageView\").resourceId(\"com.solodroid.solomerce:id/category_image\")"}[39m
[35m[HTTP][39m [37m<-- POST /wd/hub/session/6d726dfb-82bc-4311-bb62-90fb085d346a/elements [39m[32m200[39m [90m28 ms - 651[39m
[35m[HTTP][39m [90m[39m
[35m[HTTP][39m [37m-->[39m [37mPOST[39m [37m/wd/hub/session/6d726dfb-82bc-4311-bb62-90fb085d346a/elements[39m
[35m[HTTP][39m [90m{"using":"xpath","value":"//*[@class = 'android.widget.ImageView' and @resource-id = 'com.solodroid.solomerce:id/category_image' and (@text = '' or . = '')]"}[39m
[35m[HTTP][39m [37m<-- POST /wd/hub/session/6d726dfb-82bc-4311-bb62-90fb085d346a/elements [39m[32m200[39m [90m29 ms - 651[39m
[35m[HTTP][39m [90m[39m
[35m[HTTP][39m [37m-->[39m [37mPOST[39m [37m/wd/hub/session/6d726dfb-82bc-4311-bb62-90fb085d346a/elements[39m
[35m[HTTP][39m [90m{"using":"id","value":"com.solodroid.solomerce:id/category_image"}[39m
[35m[HTTP][39m [37m<-- POST /wd/hub/session/6d726dfb-82bc-4311-bb62-90fb085d346a/elements [39m[32m200[39m [90m19 ms - 651[39m
[35m[HTTP][39m [90m[39m
[35m[HTTP][39m [37m-->[39m [37mPOST[39m [37m/wd/hub/session/6d726dfb-82bc-4311-bb62-90fb085d346a/elements[39m
[35m[HTTP][39m [90m{"using":"-android uiautomator","value":"new UiSelector().className(\"android.widget.ImageView\").resourceId(\"com.solodroid.solomerce:id/category_image\")"}[39m
[35m[HTTP][39m [37m<-- POST /wd/hub/session/6d726dfb-82bc-4311-bb62-90fb085d346a/elements [39m[32m200[39m [90m33 ms - 651[39m
[35m[HTTP][39m [90m[39m
[35m[HTTP][39m [37m-->[39m [37mPOST[39m [37m/wd/hub/session/6d726dfb-82bc-4311-bb62-90fb085d346a/elements[39m
[35m[HTTP][39m [90m{"using":"xpath","value":"//*[@class = 'android.widget.ImageView' and @resource-id = 'com.solodroid.solomerce:id/category_image' and (@text = '' or . = '')]"}[39m
[35m[HTTP][39m [37m<-- POST /wd/hub/session/6d726dfb-82bc-4311-bb62-90fb085d346a/elements [39m[32m200[39m [90m27 ms - 651[39m
[35m[HTTP][39m [90m[39m
[35m[HTTP][39m [37m-->[39m [37mPOST[39m [37m/wd/hub/session/6d726dfb-82bc-4311-bb62-90fb085d346a/elements[39m
[35m[HTTP][39m [90m{"using":"id","value":"com.solodroid.solomerce:id/category_image"}[39m
[35m[HTTP][39m [37m<-- POST /wd/hub/session/6d726dfb-82bc-4311-bb62-90fb085d346a/elements [39m[32m200[39m [90m27 ms - 651[39m
[35m[HTTP][39m [90m[39m
[35m[HTTP][39m [37m-->[39m [37mPOST[39m [37m/wd/hub/session/6d726dfb-82bc-4311-bb62-90fb085d346a/elements[39m
[35m[HTTP][39m [90m{"using":"-android uiautomator","value":"new UiSelector().className(\"android.widget.ImageView\").resourceId(\"com.solodroid.solomerce:id/category_image\")"}[39m
[35m[HTTP][39m [37m<-- POST /wd/hub/session/6d726dfb-82bc-4311-bb62-90fb085d346a/elements [39m[32m200[39m [90m30 ms - 651[39m
[35m[HTTP][39m [90m[39m
[35m[HTTP][39m [37m-->[39m [37mPOST[39m [37m/wd/hub/session/6d726dfb-82bc-4311-bb62-90fb085d346a/elements[39m
[35m[HTTP][39m [90m{"using":"xpath","value":"//*[@class = 'android.widget.TextView' and (@text = 'Electric Treadmill TL 650' or . = 'Electric Treadmill TL 650') and @resource-id = 'com.solodroid.solomerce:id/product_name']"}[39m
[35m[HTTP][39m [37m<-- POST /wd/hub/session/6d726dfb-82bc-4311-bb62-90fb085d346a/elements [39m[32m200[39m [90m35 ms - 139[39m
[35m[HTTP][39m [90m[39m
[35m[HTTP][39m [37m-->[39m [37mPOST[39m [37m/wd/hub/session/6d726dfb-82bc-4311-bb62-90fb085d346a/elements[39m
[35m[HTTP][39m [90m{"using":"xpath","value":"//*[@class = 'android.widget.TextView' and (@text = 'Nike Magista Obra II Club TF' or . = 'Nike Magista Obra II Club TF') and @resource-id = 'com.solodroid.solomerce:id/product_name']"}[39m
[35m[HTTP][39m [37m<-- POST /wd/hub/session/6d726dfb-82bc-4311-bb62-90fb085d346a/elements [39m[32m200[39m [90m32 ms - 139[39m
[35m[HTTP][39m [90m[39m
[35m[HTTP][39m [37m-->[39m [37mPOST[39m [37m/wd/hub/session/6d726dfb-82bc-4311-bb62-90fb085d346a/elements[39m
[35m[HTTP][39m [90m{"using":"xpath","value":"//*[@class = 'android.widget.TextView' and (@text = 'Digital Tensimeter HL-168' or . = 'Digital Tensimeter HL-168') and @resource-id = 'com.solodroid.solomerce:id/product_name']"}[39m
[35m[HTTP][39m [37m<-- POST /wd/hub/session/6d726dfb-82bc-4311-bb62-90fb085d346a/elements [39m[32m200[39m [90m32 ms - 139[39m
[35m[HTTP][39m [90m[39m
[35m[HTTP][39m [37m-->[39m [37mPOST[39m [37m/wd/hub/session/6d726dfb-82bc-4311-bb62-90fb085d346a/elements[39m
[35m[HTTP][39m [90m{"using":"xpath","value":"//*[@class = 'android.widget.TextView' and (@text = 'Dolphin Infrared Massager' or . = 'Dolphin Infrared Massager') and @resource-id = 'com.solodroid.solomerce:id/product_name']"}[39m
[35m[HTTP][39m [37m<-- POST /wd/hub/session/6d726dfb-82bc-4311-bb62-90fb085d346a/elements [39m[32m200[39m [90m22 ms - 139[39m
[35m[HTTP][39m [90m[39m
[35m[HTTP][39m [37m-->[39m [37mPOST[39m [37m/wd/hub/session/6d726dfb-82bc-4311-bb62-90fb085d346a/elements[39m
[35m[HTTP][39m [90m{"using":"xpath","value":"//*[@class = 'android.widget.TextView' and (@text = '480 USD' or . = '480 USD') and @resource-id = 'com.solodroid.solomerce:id/product_price']"}[39m
[35m[HTTP][39m [37m<-- POST /wd/hub/session/6d726dfb-82bc-4311-bb62-90fb085d346a/elements [39m[32m200[39m [90m27 ms - 139[39m
[35m[HTTP][39m [90m[39m
[35m[HTTP][39m [37m-->[39m [37mPOST[39m [37m/wd/hub/session/6d726dfb-82bc-4311-bb62-90fb085d346a/elements[39m
[35m[HTTP][39m [90m{"using":"xpath","value":"//*[@class = 'android.widget.TextView' and (@text = '42 USD' or . = '42 USD') and @resource-id = 'com.solodroid.solomerce:id/product_price']"}[39m
[35m[HTTP][39m [37m<-- POST /wd/hub/session/6d726dfb-82bc-4311-bb62-90fb085d346a/elements [39m[32m200[39m [90m30 ms - 139[39m
[35m[HTTP][39m [90m[39m
[35m[HTTP][39m [37m-->[39m [37mPOST[39m [37m/wd/hub/session/6d726dfb-82bc-4311-bb62-90fb085d346a/elements[39m
[35m[HTTP][39m [90m{"using":"xpath","value":"//*[@class = 'android.widget.TextView' and (@text = '24 USD' or . = '24 USD') and @resource-id = 'com.solodroid.solomerce:id/product_price']"}[39m
[35m[HTTP][39m [37m<-- POST /wd/hub/session/6d726dfb-82bc-4311-bb62-90fb085d346a/elements [39m[32m200[39m [90m23 ms - 139[39m
[35m[HTTP][39m [90m[39m
[35m[HTTP][39m [37m-->[39m [37mPOST[39m [37m/wd/hub/session/6d726dfb-82bc-4311-bb62-90fb085d346a/elements[39m
[35m[HTTP][39m [90m{"using":"xpath","value":"//*[@class = 'android.widget.TextView' and (@text = '8 USD' or . = '8 USD') and @resource-id = 'com.solodroid.solomerce:id/product_price']"}[39m
[35m[HTTP][39m [37m<-- POST /wd/hub/session/6d726dfb-82bc-4311-bb62-90fb085d346a/elements [39m[32m200[39m [90m24 ms - 139[39m
[35m[HTTP][39m [90m[39m
[35m[HTTP][39m [37m-->[39m [37mGET[39m [37m/wd/hub/session/6d726dfb-82bc-4311-bb62-90fb085d346a/source[39m
[35m[HTTP][39m [90m{}[39m
[35m[W3C (6d726dfb)][39m Driver proxy active, passing request on via HTTP proxy
[35m[WD Proxy][39m Replacing sessionId a2ca8f12-df8b-4c62-a94c-e4a9cbbc722a with 6d726dfb-82bc-4311-bb62-90fb085d346a
[35m[HTTP][39m [37m<-- GET /wd/hub/session/6d726dfb-82bc-4311-bb62-90fb085d346a/source [39m[32m200[39m [90m107 ms - 19885[39m
[35m[HTTP][39m [90m[39m
[35m[HTTP][39m [37m-->[39m [37mGET[39m [37m/wd/hub/session/6d726dfb-82bc-4311-bb62-90fb085d346a/screenshot[39m
[35m[HTTP][39m [90m{}[39m
[35m[HTTP][39m [37m<-- GET /wd/hub/session/6d726dfb-82bc-4311-bb62-90fb085d346a/screenshot [39m[32m200[39m [90m795 ms - 1052598[39m
[35m[HTTP][39m [90m[39m
[35m[HTTP][39m [37m-->[39m [37mPOST[39m [37m/wd/hub/session/6d726dfb-82bc-4311-bb62-90fb085d346a/elements[39m
[35m[HTTP][39m [90m{"using":"xpath","value":"//*[@class = 'android.widget.TextView' and (@text = 'Ear Thermometer infrared' or . = 'Ear Thermometer infrared') and @resource-id = 'com.solodroid.solomerce:id/product_name']"}[39m
[35m[HTTP][39m [37m<-- POST /wd/hub/session/6d726dfb-82bc-4311-bb62-90fb085d346a/elements [39m[32m200[39m [90m22 ms - 139[39m
[35m[HTTP][39m [90m[39m
[35m[HTTP][39m [37m-->[39m [37mPOST[39m [37m/wd/hub/session/6d726dfb-82bc-4311-bb62-90fb085d346a/elements[39m
[35m[HTTP][39m [90m{"using":"xpath","value":"//*[@class = 'android.widget.TextView' and (@text = '14 USD' or . = '14 USD') and @resource-id = 'com.solodroid.solomerce:id/product_price']"}[39m
[35m[HTTP][39m [37m<-- POST /wd/hub/session/6d726dfb-82bc-4311-bb62-90fb085d346a/elements [39m[32m200[39m [90m26 ms - 139[39m
[35m[HTTP][39m [90m[39m
[35m[HTTP][39m [37m-->[39m [37mGET[39m [37m/wd/hub/session/6d726dfb-82bc-4311-bb62-90fb085d346a/source[39m
[35m[HTTP][39m [90m{}[39m
[35m[W3C (6d726dfb)][39m Driver proxy active, passing request on via HTTP proxy
[35m[WD Proxy][39m Replacing sessionId a2ca8f12-df8b-4c62-a94c-e4a9cbbc722a with 6d726dfb-82bc-4311-bb62-90fb085d346a
[35m[HTTP][39m [37m<-- GET /wd/hub/session/6d726dfb-82bc-4311-bb62-90fb085d346a/source [39m[32m200[39m [90m263 ms - 20969[39m
[35m[HTTP][39m [90m[39m
[35m[HTTP][39m [37m-->[39m [37mGET[39m [37m/wd/hub/session/6d726dfb-82bc-4311-bb62-90fb085d346a/screenshot[39m
[35m[HTTP][39m [90m{}[39m
[35m[HTTP][39m [37m<-- GET /wd/hub/session/6d726dfb-82bc-4311-bb62-90fb085d346a/screenshot [39m[32m200[39m [90m878 ms - 1569410[39m
[35m[HTTP][39m [90m[39m
[35m[HTTP][39m [37m-->[39m [37mPOST[39m [37m/wd/hub/session/6d726dfb-82bc-4311-bb62-90fb085d346a/elements[39m
[35m[HTTP][39m [90m{"using":"xpath","value":"//*[@class = 'android.widget.ImageButton' and (@text = '' or . = '')]"}[39m
[35m[HTTP][39m [37m<-- POST /wd/hub/session/6d726dfb-82bc-4311-bb62-90fb085d346a/elements [39m[32m200[39m [90m20 ms - 139[39m
[35m[HTTP][39m [90m[39m
[35m[HTTP][39m [37m-->[39m [37mPOST[39m [37m/wd/hub/session/6d726dfb-82bc-4311-bb62-90fb085d346a/elements[39m
[35m[HTTP][39m [90m{"using":"xpath","value":"//*[@class = 'android.widget.TextView' and (@text = 'Office & Industry' or . = 'Office & Industry')]"}[39m
[35m[HTTP][39m [37m<-- POST /wd/hub/session/6d726dfb-82bc-4311-bb62-90fb085d346a/elements [39m[32m200[39m [90m25 ms - 139[39m
[35m[HTTP][39m [90m[39m
[35m[HTTP][39m [37m-->[39m [37mPOST[39m [37m/wd/hub/session/6d726dfb-82bc-4311-bb62-90fb085d346a/elements[39m
[35m[HTTP][39m [90m{"using":"xpath","value":"//*[@class = 'android.widget.ImageView' and @resource-id = 'com.solodroid.solomerce:id/category_image' and (@text = '' or . = '')]"}[39m
[35m[HTTP][39m [37m<-- POST /wd/hub/session/6d726dfb-82bc-4311-bb62-90fb085d346a/elements [39m[32m200[39m [90m27 ms - 651[39m
[35m[HTTP][39m [90m[39m
[35m[HTTP][39m [37m-->[39m [37mPOST[39m [37m/wd/hub/session/6d726dfb-82bc-4311-bb62-90fb085d346a/elements[39m
[35m[HTTP][39m [90m{"using":"id","value":"com.solodroid.solomerce:id/category_image"}[39m
[35m[HTTP][39m [37m<-- POST /wd/hub/session/6d726dfb-82bc-4311-bb62-90fb085d346a/elements [39m[32m200[39m [90m11 ms - 651[39m
[35m[HTTP][39m [90m[39m
[35m[HTTP][39m [37m-->[39m [37mPOST[39m [37m/wd/hub/session/6d726dfb-82bc-4311-bb62-90fb085d346a/elements[39m
[35m[HTTP][39m [90m{"using":"-android uiautomator","value":"new UiSelector().className(\"android.widget.ImageView\").resourceId(\"com.solodroid.solomerce:id/category_image\")"}[39m
[35m[HTTP][39m [37m<-- POST /wd/hub/session/6d726dfb-82bc-4311-bb62-90fb085d346a/elements [39m[32m200[39m [90m28 ms - 651[39m
[35m[HTTP][39m [90m[39m
[35m[HTTP][39m [37m-->[39m [37mPOST[39m [37m/wd/hub/session/6d726dfb-82bc-4311-bb62-90fb085d346a/elements[39m
[35m[HTTP][39m [90m{"using":"xpath","value":"//*[@class = 'android.widget.ImageView' and @resource-id = 'com.solodroid.solomerce:id/category_image' and (@text = '' or . = '')]"}[39m
[35m[HTTP][39m [37m<-- POST /wd/hub/session/6d726dfb-82bc-4311-bb62-90fb085d346a/elements [39m[32m200[39m [90m29 ms - 651[39m
[35m[HTTP][39m [90m[39m
[35m[HTTP][39m [37m-->[39m [37mPOST[39m [37m/wd/hub/session/6d726dfb-82bc-4311-bb62-90fb085d346a/elements[39m
[35m[HTTP][39m [90m{"using":"id","value":"com.solodroid.solomerce:id/category_image"}[39m
[35m[HTTP][39m [37m<-- POST /wd/hub/session/6d726dfb-82bc-4311-bb62-90fb085d346a/elements [39m[32m200[39m [90m16 ms - 651[39m
[35m[HTTP][39m [90m[39m
[35m[HTTP][39m [37m-->[39m [37mPOST[39m [37m/wd/hub/session/6d726dfb-82bc-4311-bb62-90fb085d346a/elements[39m
[35m[HTTP][39m [90m{"using":"-android uiautomator","value":"new UiSelector().className(\"android.widget.ImageView\").resourceId(\"com.solodroid.solomerce:id/category_image\")"}[39m
[35m[HTTP][39m [37m<-- POST /wd/hub/session/6d726dfb-82bc-4311-bb62-90fb085d346a/elements [39m[32m200[39m [90m26 ms - 651[39m
[35m[HTTP][39m [90m[39m
[35m[HTTP][39m [37m-->[39m [37mPOST[39m [37m/wd/hub/session/6d726dfb-82bc-4311-bb62-90fb085d346a/elements[39m
[35m[HTTP][39m [90m{"using":"xpath","value":"//*[@class = 'android.widget.ImageView' and @resource-id = 'com.solodroid.solomerce:id/category_image' and (@text = '' or . = '')]"}[39m
[35m[HTTP][39m [37m<-- POST /wd/hub/session/6d726dfb-82bc-4311-bb62-90fb085d346a/elements [39m[32m200[39m [90m29 ms - 651[39m
[35m[HTTP][39m [90m[39m
[35m[HTTP][39m [37m-->[39m [37mPOST[39m [37m/wd/hub/session/6d726dfb-82bc-4311-bb62-90fb085d346a/elements[39m
[35m[HTTP][39m [90m{"using":"id","value":"com.solodroid.solomerce:id/category_image"}[39m
[35m[HTTP][39m [37m<-- POST /wd/hub/session/6d726dfb-82bc-4311-bb62-90fb085d346a/elements [39m[32m200[39m [90m18 ms - 651[39m
[35m[HTTP][39m [90m[39m
[35m[HTTP][39m [37m-->[39m [37mPOST[39m [37m/wd/hub/session/6d726dfb-82bc-4311-bb62-90fb085d346a/elements[39m
[35m[HTTP][39m [90m{"using":"-android uiautomator","value":"new UiSelector().className(\"android.widget.ImageView\").resourceId(\"com.solodroid.solomerce:id/category_image\")"}[39m
[35m[HTTP][39m [37m<-- POST /wd/hub/session/6d726dfb-82bc-4311-bb62-90fb085d346a/elements [39m[32m200[39m [90m22 ms - 651[39m
[35m[HTTP][39m [90m[39m
[35m[HTTP][39m [37m-->[39m [37mPOST[39m [37m/wd/hub/session/6d726dfb-82bc-4311-bb62-90fb085d346a/elements[39m
[35m[HTTP][39m [90m{"using":"xpath","value":"//*[@class = 'android.widget.ImageView' and @resource-id = 'com.solodroid.solomerce:id/category_image' and (@text = '' or . = '')]"}[39m
[35m[HTTP][39m [37m<-- POST /wd/hub/session/6d726dfb-82bc-4311-bb62-90fb085d346a/elements [39m[32m200[39m [90m28 ms - 651[39m
[35m[HTTP][39m [90m[39m
[35m[HTTP][39m [37m-->[39m [37mPOST[39m [37m/wd/hub/session/6d726dfb-82bc-4311-bb62-90fb085d346a/elements[39m
[35m[HTTP][39m [90m{"using":"id","value":"com.solodroid.solomerce:id/category_image"}[39m
[35m[HTTP][39m [37m<-- POST /wd/hub/session/6d726dfb-82bc-4311-bb62-90fb085d346a/elements [39m[32m200[39m [90m13 ms - 651[39m
[35m[HTTP][39m [90m[39m
[35m[HTTP][39m [37m-->[39m [37mPOST[39m [37m/wd/hub/session/6d726dfb-82bc-4311-bb62-90fb085d346a/elements[39m
[35m[HTTP][39m [90m{"using":"-android uiautomator","value":"new UiSelector().className(\"android.widget.ImageView\").resourceId(\"com.solodroid.solomerce:id/category_image\")"}[39m
[35m[HTTP][39m [37m<-- POST /wd/hub/session/6d726dfb-82bc-4311-bb62-90fb085d346a/elements [39m[32m200[39m [90m20 ms - 651[39m
[35m[HTTP][39m [90m[39m
[35m[HTTP][39m [37m-->[39m [37mPOST[39m [37m/wd/hub/session/6d726dfb-82bc-4311-bb62-90fb085d346a/elements[39m
[35m[HTTP][39m [90m{"using":"xpath","value":"//*[@class = 'android.widget.ImageView' and @resource-id = 'com.solodroid.solomerce:id/category_image' and (@text = '' or . = '')]"}[39m
[35m[HTTP][39m [37m<-- POST /wd/hub/session/6d726dfb-82bc-4311-bb62-90fb085d346a/elements [39m[32m200[39m [90m121 ms - 651[39m
[35m[HTTP][39m [90m[39m
[35m[HTTP][39m [37m-->[39m [37mPOST[39m [37m/wd/hub/session/6d726dfb-82bc-4311-bb62-90fb085d346a/elements[39m
[35m[HTTP][39m [90m{"using":"id","value":"com.solodroid.solomerce:id/category_image"}[39m
[35m[HTTP][39m [37m<-- POST /wd/hub/session/6d726dfb-82bc-4311-bb62-90fb085d346a/elements [39m[32m200[39m [90m14 ms - 651[39m
[35m[HTTP][39m [90m[39m
[35m[HTTP][39m [37m-->[39m [37mPOST[39m [37m/wd/hub/session/6d726dfb-82bc-4311-bb62-90fb085d346a/elements[39m
[35m[HTTP][39m [90m{"using":"-android uiautomator","value":"new UiSelector().className(\"android.widget.ImageView\").resourceId(\"com.solodroid.solomerce:id/category_image\")"}[39m
[35m[HTTP][39m [37m<-- POST /wd/hub/session/6d726dfb-82bc-4311-bb62-90fb085d346a/elements [39m[32m200[39m [90m25 ms - 651[39m
[35m[HTTP][39m [90m[39m
[35m[HTTP][39m [37m-->[39m [37mPOST[39m [37m/wd/hub/session/6d726dfb-82bc-4311-bb62-90fb085d346a/elements[39m
[35m[HTTP][39m [90m{"using":"xpath","value":"//*[@class = 'android.widget.TextView' and (@text = 'Winsor & Newton Designers Gouache - Introductory Set' or . = 'Winsor & Newton Designers Gouache - Introductory Set') and @resource-id = 'com.solodroid.solomerce:id/product_name']"}[39m
[35m[HTTP][39m [37m<-- POST /wd/hub/session/6d726dfb-82bc-4311-bb62-90fb085d346a/elements [39m[32m200[39m [90m20 ms - 139[39m
[35m[HTTP][39m [90m[39m
[35m[HTTP][39m [37m-->[39m [37mPOST[39m [37m/wd/hub/session/6d726dfb-82bc-4311-bb62-90fb085d346a/elements[39m
[35m[HTTP][39m [90m{"using":"xpath","value":"//*[@class = 'android.widget.TextView' and (@text = 'Money Counter Kozure MC-101' or . = 'Money Counter Kozure MC-101') and @resource-id = 'com.solodroid.solomerce:id/product_name']"}[39m
[35m[HTTP][39m [37m<-- POST /wd/hub/session/6d726dfb-82bc-4311-bb62-90fb085d346a/elements [39m[32m200[39m [90m21 ms - 139[39m
[35m[HTTP][39m [90m[39m
[35m[HTTP][39m [37m-->[39m [37mPOST[39m [37m/wd/hub/session/6d726dfb-82bc-4311-bb62-90fb085d346a/elements[39m
[35m[HTTP][39m [90m{"using":"xpath","value":"//*[@class = 'android.widget.TextView' and (@text = 'Scientific Calculator - Doraemon 350 MS' or . = 'Scientific Calculator - Doraemon 350 MS') and @resource-id = 'com.solodroid.solomerce:id/product_name']"}[39m
[35m[HTTP][39m [37m<-- POST /wd/hub/session/6d726dfb-82bc-4311-bb62-90fb085d346a/elements [39m[32m200[39m [90m4159 ms - 139[39m
[35m[HTTP][39m [90m[39m
[35m[HTTP][39m [37m-->[39m [37mPOST[39m [37m/wd/hub/session/6d726dfb-82bc-4311-bb62-90fb085d346a/elements[39m
[35m[HTTP][39m [90m{"using":"xpath","value":"//*[@class = 'android.widget.TextView' and (@text = 'ID Card holder / Name Tag Holder / Tempat ID Card - UHOO 6616' or . = 'ID Card holder / Name Tag Holder / Tempat ID Card - UHOO 6616') and @resource-id = 'com.solodroid.solomerce:id/product_name']"}[39m
[35m[HTTP][39m [37m<-- POST /wd/hub/session/6d726dfb-82bc-4311-bb62-90fb085d346a/elements [39m[32m200[39m [90m2919 ms - 139[39m
[35m[HTTP][39m [90m[39m
[35m[HTTP][39m [37m-->[39m [37mPOST[39m [37m/wd/hub/session/6d726dfb-82bc-4311-bb62-90fb085d346a/elements[39m
[35m[HTTP][39m [90m{"using":"xpath","value":"//*[@class = 'android.widget.TextView' and (@text = '45 USD' or . = '45 USD') and @resource-id = 'com.solodroid.solomerce:id/product_price']"}[39m
[35m[HTTP][39m [37m<-- POST /wd/hub/session/6d726dfb-82bc-4311-bb62-90fb085d346a/elements [39m[32m200[39m [90m20 ms - 139[39m
[35m[HTTP][39m [90m[39m
[35m[HTTP][39m [37m-->[39m [37mPOST[39m [37m/wd/hub/session/6d726dfb-82bc-4311-bb62-90fb085d346a/elements[39m
[35m[HTTP][39m [90m{"using":"xpath","value":"//*[@class = 'android.widget.TextView' and (@text = '150 USD' or . = '150 USD') and @resource-id = 'com.solodroid.solomerce:id/product_price']"}[39m
[35m[HTTP][39m [37m<-- POST /wd/hub/session/6d726dfb-82bc-4311-bb62-90fb085d346a/elements [39m[32m200[39m [90m38 ms - 139[39m
[35m[HTTP][39m [90m[39m
[35m[HTTP][39m [37m-->[39m [37mPOST[39m [37m/wd/hub/session/6d726dfb-82bc-4311-bb62-90fb085d346a/elements[39m
[35m[HTTP][39m [90m{"using":"xpath","value":"//*[@class = 'android.widget.TextView' and (@text = '12 USD' or . = '12 USD') and @resource-id = 'com.solodroid.solomerce:id/product_price']"}[39m
[35m[HTTP][39m [37m<-- POST /wd/hub/session/6d726dfb-82bc-4311-bb62-90fb085d346a/elements [39m[32m200[39m [90m28 ms - 139[39m
[35m[HTTP][39m [90m[39m
[35m[HTTP][39m [37m-->[39m [37mPOST[39m [37m/wd/hub/session/6d726dfb-82bc-4311-bb62-90fb085d346a/elements[39m
[35m[HTTP][39m [90m{"using":"xpath","value":"//*[@class = 'android.widget.TextView' and (@text = '5 USD' or . = '5 USD') and @resource-id = 'com.solodroid.solomerce:id/product_price']"}[39m
[35m[HTTP][39m [37m<-- POST /wd/hub/session/6d726dfb-82bc-4311-bb62-90fb085d346a/elements [39m[32m200[39m [90m21 ms - 139[39m
[35m[HTTP][39m [90m[39m
[35m[HTTP][39m [37m-->[39m [37mGET[39m [37m/wd/hub/session/6d726dfb-82bc-4311-bb62-90fb085d346a/source[39m
[35m[HTTP][39m [90m{}[39m
[35m[W3C (6d726dfb)][39m Driver proxy active, passing request on via HTTP proxy
[35m[WD Proxy][39m Replacing sessionId a2ca8f12-df8b-4c62-a94c-e4a9cbbc722a with 6d726dfb-82bc-4311-bb62-90fb085d346a
[35m[HTTP][39m [37m<-- GET /wd/hub/session/6d726dfb-82bc-4311-bb62-90fb085d346a/source [39m[32m200[39m [90m113 ms - 20454[39m
[35m[HTTP][39m [90m[39m
[35m[HTTP][39m [37m-->[39m [37mGET[39m [37m/wd/hub/session/6d726dfb-82bc-4311-bb62-90fb085d346a/screenshot[39m
[35m[HTTP][39m [90m{}[39m
[35m[HTTP][39m [37m<-- GET /wd/hub/session/6d726dfb-82bc-4311-bb62-90fb085d346a/screenshot [39m[32m200[39m [90m1073 ms - 1410988[39m
[35m[HTTP][39m [90m[39m
[35m[HTTP][39m [37m-->[39m [37mPOST[39m [37m/wd/hub/session/6d726dfb-82bc-4311-bb62-90fb085d346a/elements[39m
[35m[HTTP][39m [90m{"using":"xpath","value":"//*[@class = 'android.widget.TextView' and (@text = 'Pena Pilot Frixion Cliker 0.5mm - Blue' or . = 'Pena Pilot Frixion Cliker 0.5mm - Blue') and @resource-id = 'com.solodroid.solomerce:id/product_name']"}[39m
[35m[HTTP][39m [37m<-- POST /wd/hub/session/6d726dfb-82bc-4311-bb62-90fb085d346a/elements [39m[32m200[39m [90m27629 ms - 139[39m
[35m[HTTP][39m [90m[39m
[35m[HTTP][39m [37m-->[39m [37mPOST[39m [37m/wd/hub/session/6d726dfb-82bc-4311-bb62-90fb085d346a/elements[39m
[35m[HTTP][39m [90m{"using":"xpath","value":"//*[@class = 'android.widget.TextView' and (@text = '20 USD' or . = '20 USD') and @resource-id = 'com.solodroid.solomerce:id/product_price']"}[39m
[35m[HTTP][39m [37m<-- POST /wd/hub/session/6d726dfb-82bc-4311-bb62-90fb085d346a/elements [39m[32m200[39m [90m32 ms - 139[39m
[35m[HTTP][39m [90m[39m
